<?xml version="1.0" encoding="UTF-8"?>
<robot generator="Robot 4.1.1 (Python 3.8.10 on linux)" generated="20220508 06:41:12.021" rpa="false" schemaversion="2">
<suite id="s1" name="softwareUpdate" source="/home/jenkins/testAutomation/robotFramework/softwareUpdate.robot">
<kw name="Set Up Software Update" library="common" type="SETUP">
<kw name="Execute Linux Command" library="common">
<arg>echo "DEBUG"</arg>
<kw name="Run Process" library="Process">
<var>${result}</var>
<arg>${command}</arg>
<arg>shell=true</arg>
<arg>cwd=${work_dir}</arg>
<arg>stdout=${ROBOT_LOG}</arg>
<arg>stderr=STDOUT</arg>
<doc>Runs a process and waits for it to complete.</doc>
<msg timestamp="20220508 06:41:12.050" level="INFO">Starting process:
echo "DEBUG"</msg>
<msg timestamp="20220508 06:41:12.052" level="INFO">Waiting for process to complete.</msg>
<msg timestamp="20220508 06:41:12.052" level="INFO">Process completed.</msg>
<msg timestamp="20220508 06:41:12.052" level="INFO">${result} = &lt;result object with rc 0&gt;</msg>
<status status="PASS" starttime="20220508 06:41:12.050" endtime="20220508 06:41:12.053"/>
</kw>
<kw name="Log To Console" library="BuiltIn">
<arg>${result.stdout}</arg>
<doc>Logs the given message to the console.</doc>
<status status="PASS" starttime="20220508 06:41:12.053" endtime="20220508 06:41:12.053"/>
</kw>
<kw name="Should Be Equal As Integers" library="BuiltIn">
<arg>${result.rc}</arg>
<arg>0</arg>
<arg>msg=${result.stderr}</arg>
<doc>Fails if objects are unequal after converting them to integers.</doc>
<msg timestamp="20220508 06:41:12.054" level="INFO">Argument types are:
&lt;class 'int'&gt;
&lt;type 'unicode'&gt;</msg>
<status status="PASS" starttime="20220508 06:41:12.054" endtime="20220508 06:41:12.055"/>
</kw>
<status status="PASS" starttime="20220508 06:41:12.049" endtime="20220508 06:41:12.055"/>
</kw>
<kw name="Execute Linux Command" library="common">
<arg>mkdir -p ${TMP_DIR}</arg>
<kw name="Run Process" library="Process">
<var>${result}</var>
<arg>${command}</arg>
<arg>shell=true</arg>
<arg>cwd=${work_dir}</arg>
<arg>stdout=${ROBOT_LOG}</arg>
<arg>stderr=STDOUT</arg>
<doc>Runs a process and waits for it to complete.</doc>
<msg timestamp="20220508 06:41:12.056" level="INFO">Starting process:
mkdir -p /home/jenkins/testAutomation/robotFramework/tmp_robot</msg>
<msg timestamp="20220508 06:41:12.057" level="INFO">Waiting for process to complete.</msg>
<msg timestamp="20220508 06:41:12.058" level="INFO">Process completed.</msg>
<msg timestamp="20220508 06:41:12.058" level="INFO">${result} = &lt;result object with rc 0&gt;</msg>
<status status="PASS" starttime="20220508 06:41:12.055" endtime="20220508 06:41:12.058"/>
</kw>
<kw name="Log To Console" library="BuiltIn">
<arg>${result.stdout}</arg>
<doc>Logs the given message to the console.</doc>
<status status="PASS" starttime="20220508 06:41:12.058" endtime="20220508 06:41:12.059"/>
</kw>
<kw name="Should Be Equal As Integers" library="BuiltIn">
<arg>${result.rc}</arg>
<arg>0</arg>
<arg>msg=${result.stderr}</arg>
<doc>Fails if objects are unequal after converting them to integers.</doc>
<msg timestamp="20220508 06:41:12.060" level="INFO">Argument types are:
&lt;class 'int'&gt;
&lt;type 'unicode'&gt;</msg>
<status status="PASS" starttime="20220508 06:41:12.059" endtime="20220508 06:41:12.060"/>
</kw>
<status status="PASS" starttime="20220508 06:41:12.055" endtime="20220508 06:41:12.061"/>
</kw>
<kw name="Execute Linux Command" library="common">
<arg>echo "TMP_DIR=${TMP_DIR}"</arg>
<kw name="Run Process" library="Process">
<var>${result}</var>
<arg>${command}</arg>
<arg>shell=true</arg>
<arg>cwd=${work_dir}</arg>
<arg>stdout=${ROBOT_LOG}</arg>
<arg>stderr=STDOUT</arg>
<doc>Runs a process and waits for it to complete.</doc>
<msg timestamp="20220508 06:41:12.061" level="INFO">Starting process:
echo "TMP_DIR=/home/jenkins/testAutomation/robotFramework/tmp_robot"</msg>
<msg timestamp="20220508 06:41:12.063" level="INFO">Waiting for process to complete.</msg>
<msg timestamp="20220508 06:41:12.063" level="INFO">Process completed.</msg>
<msg timestamp="20220508 06:41:12.063" level="INFO">${result} = &lt;result object with rc 0&gt;</msg>
<status status="PASS" starttime="20220508 06:41:12.061" endtime="20220508 06:41:12.063"/>
</kw>
<kw name="Log To Console" library="BuiltIn">
<arg>${result.stdout}</arg>
<doc>Logs the given message to the console.</doc>
<status status="PASS" starttime="20220508 06:41:12.063" endtime="20220508 06:41:12.064"/>
</kw>
<kw name="Should Be Equal As Integers" library="BuiltIn">
<arg>${result.rc}</arg>
<arg>0</arg>
<arg>msg=${result.stderr}</arg>
<doc>Fails if objects are unequal after converting them to integers.</doc>
<msg timestamp="20220508 06:41:12.065" level="INFO">Argument types are:
&lt;class 'int'&gt;
&lt;type 'unicode'&gt;</msg>
<status status="PASS" starttime="20220508 06:41:12.064" endtime="20220508 06:41:12.065"/>
</kw>
<status status="PASS" starttime="20220508 06:41:12.061" endtime="20220508 06:41:12.065"/>
</kw>
<kw name="Execute Linux Command" library="common">
<arg>ls -al ${TMP_DIR}</arg>
<kw name="Run Process" library="Process">
<var>${result}</var>
<arg>${command}</arg>
<arg>shell=true</arg>
<arg>cwd=${work_dir}</arg>
<arg>stdout=${ROBOT_LOG}</arg>
<arg>stderr=STDOUT</arg>
<doc>Runs a process and waits for it to complete.</doc>
<msg timestamp="20220508 06:41:12.066" level="INFO">Starting process:
ls -al /home/jenkins/testAutomation/robotFramework/tmp_robot</msg>
<msg timestamp="20220508 06:41:12.068" level="INFO">Waiting for process to complete.</msg>
<msg timestamp="20220508 06:41:12.069" level="INFO">Process completed.</msg>
<msg timestamp="20220508 06:41:12.069" level="INFO">${result} = &lt;result object with rc 0&gt;</msg>
<status status="PASS" starttime="20220508 06:41:12.066" endtime="20220508 06:41:12.069"/>
</kw>
<kw name="Log To Console" library="BuiltIn">
<arg>${result.stdout}</arg>
<doc>Logs the given message to the console.</doc>
<status status="PASS" starttime="20220508 06:41:12.069" endtime="20220508 06:41:12.070"/>
</kw>
<kw name="Should Be Equal As Integers" library="BuiltIn">
<arg>${result.rc}</arg>
<arg>0</arg>
<arg>msg=${result.stderr}</arg>
<doc>Fails if objects are unequal after converting them to integers.</doc>
<msg timestamp="20220508 06:41:12.071" level="INFO">Argument types are:
&lt;class 'int'&gt;
&lt;type 'unicode'&gt;</msg>
<status status="PASS" starttime="20220508 06:41:12.070" endtime="20220508 06:41:12.071"/>
</kw>
<status status="PASS" starttime="20220508 06:41:12.066" endtime="20220508 06:41:12.071"/>
</kw>
<kw name="Execute Linux Command" library="common">
<arg>mkdir -p archive</arg>
<arg>${TMP_DIR}</arg>
<kw name="Run Process" library="Process">
<var>${result}</var>
<arg>${command}</arg>
<arg>shell=true</arg>
<arg>cwd=${work_dir}</arg>
<arg>stdout=${ROBOT_LOG}</arg>
<arg>stderr=STDOUT</arg>
<doc>Runs a process and waits for it to complete.</doc>
<msg timestamp="20220508 06:41:12.072" level="INFO">Starting process:
mkdir -p archive</msg>
<msg timestamp="20220508 06:41:12.073" level="INFO">Waiting for process to complete.</msg>
<msg timestamp="20220508 06:41:12.074" level="INFO">Process completed.</msg>
<msg timestamp="20220508 06:41:12.075" level="INFO">${result} = &lt;result object with rc 0&gt;</msg>
<status status="PASS" starttime="20220508 06:41:12.072" endtime="20220508 06:41:12.075"/>
</kw>
<kw name="Log To Console" library="BuiltIn">
<arg>${result.stdout}</arg>
<doc>Logs the given message to the console.</doc>
<status status="PASS" starttime="20220508 06:41:12.075" endtime="20220508 06:41:12.075"/>
</kw>
<kw name="Should Be Equal As Integers" library="BuiltIn">
<arg>${result.rc}</arg>
<arg>0</arg>
<arg>msg=${result.stderr}</arg>
<doc>Fails if objects are unequal after converting them to integers.</doc>
<msg timestamp="20220508 06:41:12.076" level="INFO">Argument types are:
&lt;class 'int'&gt;
&lt;type 'unicode'&gt;</msg>
<status status="PASS" starttime="20220508 06:41:12.076" endtime="20220508 06:41:12.076"/>
</kw>
<status status="PASS" starttime="20220508 06:41:12.071" endtime="20220508 06:41:12.077"/>
</kw>
<kw name="Execute Linux Command" library="common">
<arg>wget --no-verbose ${PACKAGE_LINK}</arg>
<arg>${TMP_DIR}/archive</arg>
<kw name="Run Process" library="Process">
<var>${result}</var>
<arg>${command}</arg>
<arg>shell=true</arg>
<arg>cwd=${work_dir}</arg>
<arg>stdout=${ROBOT_LOG}</arg>
<arg>stderr=STDOUT</arg>
<doc>Runs a process and waits for it to complete.</doc>
<msg timestamp="20220508 06:41:12.078" level="INFO">Starting process:
wget --no-verbose http://10.28.32.203:8080/job/SILVER-CE-4.1-BSP-ENG-TEAM/lastSuccessfulBuild/artifact/*zip*/archive.zip</msg>
<msg timestamp="20220508 06:41:12.079" level="INFO">Waiting for process to complete.</msg>
<msg timestamp="20220508 06:41:57.691" level="INFO">Process completed.</msg>
<msg timestamp="20220508 06:41:57.692" level="INFO">${result} = &lt;result object with rc 0&gt;</msg>
<status status="PASS" starttime="20220508 06:41:12.077" endtime="20220508 06:41:57.692"/>
</kw>
<kw name="Log To Console" library="BuiltIn">
<arg>${result.stdout}</arg>
<doc>Logs the given message to the console.</doc>
<status status="PASS" starttime="20220508 06:41:57.692" endtime="20220508 06:41:57.693"/>
</kw>
<kw name="Should Be Equal As Integers" library="BuiltIn">
<arg>${result.rc}</arg>
<arg>0</arg>
<arg>msg=${result.stderr}</arg>
<doc>Fails if objects are unequal after converting them to integers.</doc>
<msg timestamp="20220508 06:41:57.694" level="INFO">Argument types are:
&lt;class 'int'&gt;
&lt;type 'unicode'&gt;</msg>
<status status="PASS" starttime="20220508 06:41:57.693" endtime="20220508 06:41:57.694"/>
</kw>
<status status="PASS" starttime="20220508 06:41:12.077" endtime="20220508 06:41:57.694"/>
</kw>
<kw name="Execute Linux Command" library="common">
<arg>ls -al archive</arg>
<arg>${TMP_DIR}</arg>
<kw name="Run Process" library="Process">
<var>${result}</var>
<arg>${command}</arg>
<arg>shell=true</arg>
<arg>cwd=${work_dir}</arg>
<arg>stdout=${ROBOT_LOG}</arg>
<arg>stderr=STDOUT</arg>
<doc>Runs a process and waits for it to complete.</doc>
<msg timestamp="20220508 06:41:57.695" level="INFO">Starting process:
ls -al archive</msg>
<msg timestamp="20220508 06:41:57.697" level="INFO">Waiting for process to complete.</msg>
<msg timestamp="20220508 06:41:57.698" level="INFO">Process completed.</msg>
<msg timestamp="20220508 06:41:57.698" level="INFO">${result} = &lt;result object with rc 0&gt;</msg>
<status status="PASS" starttime="20220508 06:41:57.695" endtime="20220508 06:41:57.698"/>
</kw>
<kw name="Log To Console" library="BuiltIn">
<arg>${result.stdout}</arg>
<doc>Logs the given message to the console.</doc>
<status status="PASS" starttime="20220508 06:41:57.698" endtime="20220508 06:41:57.699"/>
</kw>
<kw name="Should Be Equal As Integers" library="BuiltIn">
<arg>${result.rc}</arg>
<arg>0</arg>
<arg>msg=${result.stderr}</arg>
<doc>Fails if objects are unequal after converting them to integers.</doc>
<msg timestamp="20220508 06:41:57.700" level="INFO">Argument types are:
&lt;class 'int'&gt;
&lt;type 'unicode'&gt;</msg>
<status status="PASS" starttime="20220508 06:41:57.699" endtime="20220508 06:41:57.700"/>
</kw>
<status status="PASS" starttime="20220508 06:41:57.694" endtime="20220508 06:41:57.701"/>
</kw>
<kw name="Execute Linux Command" library="common">
<arg>echo "DEBUG-1"</arg>
<kw name="Run Process" library="Process">
<var>${result}</var>
<arg>${command}</arg>
<arg>shell=true</arg>
<arg>cwd=${work_dir}</arg>
<arg>stdout=${ROBOT_LOG}</arg>
<arg>stderr=STDOUT</arg>
<doc>Runs a process and waits for it to complete.</doc>
<msg timestamp="20220508 06:41:57.701" level="INFO">Starting process:
echo "DEBUG-1"</msg>
<msg timestamp="20220508 06:41:57.703" level="INFO">Waiting for process to complete.</msg>
<msg timestamp="20220508 06:41:57.703" level="INFO">Process completed.</msg>
<msg timestamp="20220508 06:41:57.704" level="INFO">${result} = &lt;result object with rc 0&gt;</msg>
<status status="PASS" starttime="20220508 06:41:57.701" endtime="20220508 06:41:57.704"/>
</kw>
<kw name="Log To Console" library="BuiltIn">
<arg>${result.stdout}</arg>
<doc>Logs the given message to the console.</doc>
<status status="PASS" starttime="20220508 06:41:57.704" endtime="20220508 06:41:57.705"/>
</kw>
<kw name="Should Be Equal As Integers" library="BuiltIn">
<arg>${result.rc}</arg>
<arg>0</arg>
<arg>msg=${result.stderr}</arg>
<doc>Fails if objects are unequal after converting them to integers.</doc>
<msg timestamp="20220508 06:41:57.706" level="INFO">Argument types are:
&lt;class 'int'&gt;
&lt;type 'unicode'&gt;</msg>
<status status="PASS" starttime="20220508 06:41:57.705" endtime="20220508 06:41:57.706"/>
</kw>
<status status="PASS" starttime="20220508 06:41:57.701" endtime="20220508 06:41:57.706"/>
</kw>
<kw name="Execute Linux Command" library="common">
<arg>mkdir -p apk</arg>
<arg>${TMP_DIR}/archive</arg>
<kw name="Run Process" library="Process">
<var>${result}</var>
<arg>${command}</arg>
<arg>shell=true</arg>
<arg>cwd=${work_dir}</arg>
<arg>stdout=${ROBOT_LOG}</arg>
<arg>stderr=STDOUT</arg>
<doc>Runs a process and waits for it to complete.</doc>
<msg timestamp="20220508 06:41:57.707" level="INFO">Starting process:
mkdir -p apk</msg>
<msg timestamp="20220508 06:41:57.709" level="INFO">Waiting for process to complete.</msg>
<msg timestamp="20220508 06:41:57.710" level="INFO">Process completed.</msg>
<msg timestamp="20220508 06:41:57.710" level="INFO">${result} = &lt;result object with rc 0&gt;</msg>
<status status="PASS" starttime="20220508 06:41:57.707" endtime="20220508 06:41:57.710"/>
</kw>
<kw name="Log To Console" library="BuiltIn">
<arg>${result.stdout}</arg>
<doc>Logs the given message to the console.</doc>
<status status="PASS" starttime="20220508 06:41:57.710" endtime="20220508 06:41:57.711"/>
</kw>
<kw name="Should Be Equal As Integers" library="BuiltIn">
<arg>${result.rc}</arg>
<arg>0</arg>
<arg>msg=${result.stderr}</arg>
<doc>Fails if objects are unequal after converting them to integers.</doc>
<msg timestamp="20220508 06:41:57.712" level="INFO">Argument types are:
&lt;class 'int'&gt;
&lt;type 'unicode'&gt;</msg>
<status status="PASS" starttime="20220508 06:41:57.711" endtime="20220508 06:41:57.712"/>
</kw>
<status status="PASS" starttime="20220508 06:41:57.706" endtime="20220508 06:41:57.713"/>
</kw>
<kw name="Execute Linux Command" library="common">
<arg>ls -al</arg>
<arg>${TMP_DIR}</arg>
<kw name="Run Process" library="Process">
<var>${result}</var>
<arg>${command}</arg>
<arg>shell=true</arg>
<arg>cwd=${work_dir}</arg>
<arg>stdout=${ROBOT_LOG}</arg>
<arg>stderr=STDOUT</arg>
<doc>Runs a process and waits for it to complete.</doc>
<msg timestamp="20220508 06:41:57.714" level="INFO">Starting process:
ls -al</msg>
<msg timestamp="20220508 06:41:57.715" level="INFO">Waiting for process to complete.</msg>
<msg timestamp="20220508 06:41:57.717" level="INFO">Process completed.</msg>
<msg timestamp="20220508 06:41:57.717" level="INFO">${result} = &lt;result object with rc 0&gt;</msg>
<status status="PASS" starttime="20220508 06:41:57.713" endtime="20220508 06:41:57.717"/>
</kw>
<kw name="Log To Console" library="BuiltIn">
<arg>${result.stdout}</arg>
<doc>Logs the given message to the console.</doc>
<status status="PASS" starttime="20220508 06:41:57.717" endtime="20220508 06:41:57.718"/>
</kw>
<kw name="Should Be Equal As Integers" library="BuiltIn">
<arg>${result.rc}</arg>
<arg>0</arg>
<arg>msg=${result.stderr}</arg>
<doc>Fails if objects are unequal after converting them to integers.</doc>
<msg timestamp="20220508 06:41:57.719" level="INFO">Argument types are:
&lt;class 'int'&gt;
&lt;type 'unicode'&gt;</msg>
<status status="PASS" starttime="20220508 06:41:57.718" endtime="20220508 06:41:57.719"/>
</kw>
<status status="PASS" starttime="20220508 06:41:57.713" endtime="20220508 06:41:57.720"/>
</kw>
<kw name="Execute Linux Command" library="common">
<arg>unzip -o archive.zip</arg>
<arg>${TMP_DIR}/archive</arg>
<kw name="Run Process" library="Process">
<var>${result}</var>
<arg>${command}</arg>
<arg>shell=true</arg>
<arg>cwd=${work_dir}</arg>
<arg>stdout=${ROBOT_LOG}</arg>
<arg>stderr=STDOUT</arg>
<doc>Runs a process and waits for it to complete.</doc>
<msg timestamp="20220508 06:41:57.721" level="INFO">Starting process:
unzip -o archive.zip</msg>
<msg timestamp="20220508 06:41:57.722" level="INFO">Waiting for process to complete.</msg>
<msg timestamp="20220508 06:42:00.771" level="INFO">Process completed.</msg>
<msg timestamp="20220508 06:42:00.771" level="INFO">${result} = &lt;result object with rc 0&gt;</msg>
<status status="PASS" starttime="20220508 06:41:57.720" endtime="20220508 06:42:00.771"/>
</kw>
<kw name="Log To Console" library="BuiltIn">
<arg>${result.stdout}</arg>
<doc>Logs the given message to the console.</doc>
<status status="PASS" starttime="20220508 06:42:00.771" endtime="20220508 06:42:00.772"/>
</kw>
<kw name="Should Be Equal As Integers" library="BuiltIn">
<arg>${result.rc}</arg>
<arg>0</arg>
<arg>msg=${result.stderr}</arg>
<doc>Fails if objects are unequal after converting them to integers.</doc>
<msg timestamp="20220508 06:42:00.773" level="INFO">Argument types are:
&lt;class 'int'&gt;
&lt;type 'unicode'&gt;</msg>
<status status="PASS" starttime="20220508 06:42:00.772" endtime="20220508 06:42:00.773"/>
</kw>
<status status="PASS" starttime="20220508 06:41:57.720" endtime="20220508 06:42:00.774"/>
</kw>
<kw name="Execute Linux Command" library="common">
<arg>ls -al</arg>
<arg>${TMP_DIR}</arg>
<kw name="Run Process" library="Process">
<var>${result}</var>
<arg>${command}</arg>
<arg>shell=true</arg>
<arg>cwd=${work_dir}</arg>
<arg>stdout=${ROBOT_LOG}</arg>
<arg>stderr=STDOUT</arg>
<doc>Runs a process and waits for it to complete.</doc>
<msg timestamp="20220508 06:42:00.774" level="INFO">Starting process:
ls -al</msg>
<msg timestamp="20220508 06:42:00.776" level="INFO">Waiting for process to complete.</msg>
<msg timestamp="20220508 06:42:00.777" level="INFO">Process completed.</msg>
<msg timestamp="20220508 06:42:00.777" level="INFO">${result} = &lt;result object with rc 0&gt;</msg>
<status status="PASS" starttime="20220508 06:42:00.774" endtime="20220508 06:42:00.777"/>
</kw>
<kw name="Log To Console" library="BuiltIn">
<arg>${result.stdout}</arg>
<doc>Logs the given message to the console.</doc>
<status status="PASS" starttime="20220508 06:42:00.778" endtime="20220508 06:42:00.778"/>
</kw>
<kw name="Should Be Equal As Integers" library="BuiltIn">
<arg>${result.rc}</arg>
<arg>0</arg>
<arg>msg=${result.stderr}</arg>
<doc>Fails if objects are unequal after converting them to integers.</doc>
<msg timestamp="20220508 06:42:00.779" level="INFO">Argument types are:
&lt;class 'int'&gt;
&lt;type 'unicode'&gt;</msg>
<status status="PASS" starttime="20220508 06:42:00.778" endtime="20220508 06:42:00.779"/>
</kw>
<status status="PASS" starttime="20220508 06:42:00.774" endtime="20220508 06:42:00.780"/>
</kw>
<kw name="Execute Linux Command" library="common">
<arg>echo "DEBUG-2"</arg>
<kw name="Run Process" library="Process">
<var>${result}</var>
<arg>${command}</arg>
<arg>shell=true</arg>
<arg>cwd=${work_dir}</arg>
<arg>stdout=${ROBOT_LOG}</arg>
<arg>stderr=STDOUT</arg>
<doc>Runs a process and waits for it to complete.</doc>
<msg timestamp="20220508 06:42:00.780" level="INFO">Starting process:
echo "DEBUG-2"</msg>
<msg timestamp="20220508 06:42:00.782" level="INFO">Waiting for process to complete.</msg>
<msg timestamp="20220508 06:42:00.782" level="INFO">Process completed.</msg>
<msg timestamp="20220508 06:42:00.782" level="INFO">${result} = &lt;result object with rc 0&gt;</msg>
<status status="PASS" starttime="20220508 06:42:00.780" endtime="20220508 06:42:00.782"/>
</kw>
<kw name="Log To Console" library="BuiltIn">
<arg>${result.stdout}</arg>
<doc>Logs the given message to the console.</doc>
<status status="PASS" starttime="20220508 06:42:00.782" endtime="20220508 06:42:00.783"/>
</kw>
<kw name="Should Be Equal As Integers" library="BuiltIn">
<arg>${result.rc}</arg>
<arg>0</arg>
<arg>msg=${result.stderr}</arg>
<doc>Fails if objects are unequal after converting them to integers.</doc>
<msg timestamp="20220508 06:42:00.784" level="INFO">Argument types are:
&lt;class 'int'&gt;
&lt;type 'unicode'&gt;</msg>
<status status="PASS" starttime="20220508 06:42:00.783" endtime="20220508 06:42:00.784"/>
</kw>
<status status="PASS" starttime="20220508 06:42:00.780" endtime="20220508 06:42:00.785"/>
</kw>
<kw name="Execute Linux Command" library="common">
<arg>chmod 755 generate_ota.sh</arg>
<arg>${TMP_DIR}/archive</arg>
<kw name="Run Process" library="Process">
<var>${result}</var>
<arg>${command}</arg>
<arg>shell=true</arg>
<arg>cwd=${work_dir}</arg>
<arg>stdout=${ROBOT_LOG}</arg>
<arg>stderr=STDOUT</arg>
<doc>Runs a process and waits for it to complete.</doc>
<msg timestamp="20220508 06:42:00.785" level="INFO">Starting process:
chmod 755 generate_ota.sh</msg>
<msg timestamp="20220508 06:42:00.787" level="INFO">Waiting for process to complete.</msg>
<msg timestamp="20220508 06:42:00.787" level="INFO">Process completed.</msg>
<msg timestamp="20220508 06:42:00.788" level="INFO">${result} = &lt;result object with rc 0&gt;</msg>
<status status="PASS" starttime="20220508 06:42:00.785" endtime="20220508 06:42:00.788"/>
</kw>
<kw name="Log To Console" library="BuiltIn">
<arg>${result.stdout}</arg>
<doc>Logs the given message to the console.</doc>
<status status="PASS" starttime="20220508 06:42:00.788" endtime="20220508 06:42:00.788"/>
</kw>
<kw name="Should Be Equal As Integers" library="BuiltIn">
<arg>${result.rc}</arg>
<arg>0</arg>
<arg>msg=${result.stderr}</arg>
<doc>Fails if objects are unequal after converting them to integers.</doc>
<msg timestamp="20220508 06:42:00.789" level="INFO">Argument types are:
&lt;class 'int'&gt;
&lt;type 'unicode'&gt;</msg>
<status status="PASS" starttime="20220508 06:42:00.789" endtime="20220508 06:42:00.789"/>
</kw>
<status status="PASS" starttime="20220508 06:42:00.785" endtime="20220508 06:42:00.790"/>
</kw>
<kw name="Execute Linux Command" library="common">
<arg>wget --no-verbose http://10.28.32.203:8080/job/CE-4.1-APK-TEAM/lastSuccessfulBuild/artifact/*zip*/archive.zip -O apk.zip</arg>
<arg>${TMP_DIR}</arg>
<kw name="Run Process" library="Process">
<var>${result}</var>
<arg>${command}</arg>
<arg>shell=true</arg>
<arg>cwd=${work_dir}</arg>
<arg>stdout=${ROBOT_LOG}</arg>
<arg>stderr=STDOUT</arg>
<doc>Runs a process and waits for it to complete.</doc>
<msg timestamp="20220508 06:42:00.791" level="INFO">Starting process:
wget --no-verbose http://10.28.32.203:8080/job/CE-4.1-APK-TEAM/lastSuccessfulBuild/artifact/*zip*/archive.zip -O apk.zip</msg>
<msg timestamp="20220508 06:42:00.792" level="INFO">Waiting for process to complete.</msg>
<msg timestamp="20220508 06:44:00.804" level="INFO">Process completed.</msg>
<msg timestamp="20220508 06:44:00.805" level="INFO">${result} = &lt;result object with rc 0&gt;</msg>
<status status="PASS" starttime="20220508 06:42:00.790" endtime="20220508 06:44:00.805"/>
</kw>
<kw name="Log To Console" library="BuiltIn">
<arg>${result.stdout}</arg>
<doc>Logs the given message to the console.</doc>
<status status="PASS" starttime="20220508 06:44:00.806" endtime="20220508 06:44:00.809"/>
</kw>
<kw name="Should Be Equal As Integers" library="BuiltIn">
<arg>${result.rc}</arg>
<arg>0</arg>
<arg>msg=${result.stderr}</arg>
<doc>Fails if objects are unequal after converting them to integers.</doc>
<msg timestamp="20220508 06:44:00.810" level="INFO">Argument types are:
&lt;class 'int'&gt;
&lt;type 'unicode'&gt;</msg>
<status status="PASS" starttime="20220508 06:44:00.809" endtime="20220508 06:44:00.810"/>
</kw>
<status status="PASS" starttime="20220508 06:42:00.790" endtime="20220508 06:44:00.811"/>
</kw>
<kw name="Execute Linux Command" library="common">
<arg>echo "DEBUG-3"</arg>
<kw name="Run Process" library="Process">
<var>${result}</var>
<arg>${command}</arg>
<arg>shell=true</arg>
<arg>cwd=${work_dir}</arg>
<arg>stdout=${ROBOT_LOG}</arg>
<arg>stderr=STDOUT</arg>
<doc>Runs a process and waits for it to complete.</doc>
<msg timestamp="20220508 06:44:00.812" level="INFO">Starting process:
echo "DEBUG-3"</msg>
<msg timestamp="20220508 06:44:00.814" level="INFO">Waiting for process to complete.</msg>
<msg timestamp="20220508 06:44:00.814" level="INFO">Process completed.</msg>
<msg timestamp="20220508 06:44:00.814" level="INFO">${result} = &lt;result object with rc 0&gt;</msg>
<status status="PASS" starttime="20220508 06:44:00.811" endtime="20220508 06:44:00.814"/>
</kw>
<kw name="Log To Console" library="BuiltIn">
<arg>${result.stdout}</arg>
<doc>Logs the given message to the console.</doc>
<status status="PASS" starttime="20220508 06:44:00.814" endtime="20220508 06:44:00.815"/>
</kw>
<kw name="Should Be Equal As Integers" library="BuiltIn">
<arg>${result.rc}</arg>
<arg>0</arg>
<arg>msg=${result.stderr}</arg>
<doc>Fails if objects are unequal after converting them to integers.</doc>
<msg timestamp="20220508 06:44:00.817" level="INFO">Argument types are:
&lt;class 'int'&gt;
&lt;type 'unicode'&gt;</msg>
<status status="PASS" starttime="20220508 06:44:00.815" endtime="20220508 06:44:00.817"/>
</kw>
<status status="PASS" starttime="20220508 06:44:00.811" endtime="20220508 06:44:00.817"/>
</kw>
<kw name="Execute Linux Command" library="common">
<arg>ls -al</arg>
<arg>${TMP_DIR}</arg>
<kw name="Run Process" library="Process">
<var>${result}</var>
<arg>${command}</arg>
<arg>shell=true</arg>
<arg>cwd=${work_dir}</arg>
<arg>stdout=${ROBOT_LOG}</arg>
<arg>stderr=STDOUT</arg>
<doc>Runs a process and waits for it to complete.</doc>
<msg timestamp="20220508 06:44:00.818" level="INFO">Starting process:
ls -al</msg>
<msg timestamp="20220508 06:44:00.820" level="INFO">Waiting for process to complete.</msg>
<msg timestamp="20220508 06:44:00.822" level="INFO">Process completed.</msg>
<msg timestamp="20220508 06:44:00.822" level="INFO">${result} = &lt;result object with rc 0&gt;</msg>
<status status="PASS" starttime="20220508 06:44:00.818" endtime="20220508 06:44:00.822"/>
</kw>
<kw name="Log To Console" library="BuiltIn">
<arg>${result.stdout}</arg>
<doc>Logs the given message to the console.</doc>
<status status="PASS" starttime="20220508 06:44:00.822" endtime="20220508 06:44:00.823"/>
</kw>
<kw name="Should Be Equal As Integers" library="BuiltIn">
<arg>${result.rc}</arg>
<arg>0</arg>
<arg>msg=${result.stderr}</arg>
<doc>Fails if objects are unequal after converting them to integers.</doc>
<msg timestamp="20220508 06:44:00.824" level="INFO">Argument types are:
&lt;class 'int'&gt;
&lt;type 'unicode'&gt;</msg>
<status status="PASS" starttime="20220508 06:44:00.823" endtime="20220508 06:44:00.825"/>
</kw>
<status status="PASS" starttime="20220508 06:44:00.817" endtime="20220508 06:44:00.825"/>
</kw>
<kw name="Execute Linux Command" library="common">
<arg>echo "DEBUG-4"</arg>
<kw name="Run Process" library="Process">
<var>${result}</var>
<arg>${command}</arg>
<arg>shell=true</arg>
<arg>cwd=${work_dir}</arg>
<arg>stdout=${ROBOT_LOG}</arg>
<arg>stderr=STDOUT</arg>
<doc>Runs a process and waits for it to complete.</doc>
<msg timestamp="20220508 06:44:00.826" level="INFO">Starting process:
echo "DEBUG-4"</msg>
<msg timestamp="20220508 06:44:00.829" level="INFO">Waiting for process to complete.</msg>
<msg timestamp="20220508 06:44:00.830" level="INFO">Process completed.</msg>
<msg timestamp="20220508 06:44:00.830" level="INFO">${result} = &lt;result object with rc 0&gt;</msg>
<status status="PASS" starttime="20220508 06:44:00.826" endtime="20220508 06:44:00.830"/>
</kw>
<kw name="Log To Console" library="BuiltIn">
<arg>${result.stdout}</arg>
<doc>Logs the given message to the console.</doc>
<status status="PASS" starttime="20220508 06:44:00.830" endtime="20220508 06:44:00.832"/>
</kw>
<kw name="Should Be Equal As Integers" library="BuiltIn">
<arg>${result.rc}</arg>
<arg>0</arg>
<arg>msg=${result.stderr}</arg>
<doc>Fails if objects are unequal after converting them to integers.</doc>
<msg timestamp="20220508 06:44:00.833" level="INFO">Argument types are:
&lt;class 'int'&gt;
&lt;type 'unicode'&gt;</msg>
<status status="PASS" starttime="20220508 06:44:00.832" endtime="20220508 06:44:00.833"/>
</kw>
<status status="PASS" starttime="20220508 06:44:00.825" endtime="20220508 06:44:00.834"/>
</kw>
<kw name="Execute Linux Command" library="common">
<arg>ls -al archive</arg>
<arg>${TMP_DIR}</arg>
<kw name="Run Process" library="Process">
<var>${result}</var>
<arg>${command}</arg>
<arg>shell=true</arg>
<arg>cwd=${work_dir}</arg>
<arg>stdout=${ROBOT_LOG}</arg>
<arg>stderr=STDOUT</arg>
<doc>Runs a process and waits for it to complete.</doc>
<msg timestamp="20220508 06:44:00.835" level="INFO">Starting process:
ls -al archive</msg>
<msg timestamp="20220508 06:44:00.837" level="INFO">Waiting for process to complete.</msg>
<msg timestamp="20220508 06:44:00.838" level="INFO">Process completed.</msg>
<msg timestamp="20220508 06:44:00.839" level="INFO">${result} = &lt;result object with rc 0&gt;</msg>
<status status="PASS" starttime="20220508 06:44:00.834" endtime="20220508 06:44:00.839"/>
</kw>
<kw name="Log To Console" library="BuiltIn">
<arg>${result.stdout}</arg>
<doc>Logs the given message to the console.</doc>
<status status="PASS" starttime="20220508 06:44:00.839" endtime="20220508 06:44:00.840"/>
</kw>
<kw name="Should Be Equal As Integers" library="BuiltIn">
<arg>${result.rc}</arg>
<arg>0</arg>
<arg>msg=${result.stderr}</arg>
<doc>Fails if objects are unequal after converting them to integers.</doc>
<msg timestamp="20220508 06:44:00.841" level="INFO">Argument types are:
&lt;class 'int'&gt;
&lt;type 'unicode'&gt;</msg>
<status status="PASS" starttime="20220508 06:44:00.840" endtime="20220508 06:44:00.841"/>
</kw>
<status status="PASS" starttime="20220508 06:44:00.834" endtime="20220508 06:44:00.842"/>
</kw>
<kw name="Execute Linux Command" library="common">
<arg>echo "DEBUG-5"</arg>
<kw name="Run Process" library="Process">
<var>${result}</var>
<arg>${command}</arg>
<arg>shell=true</arg>
<arg>cwd=${work_dir}</arg>
<arg>stdout=${ROBOT_LOG}</arg>
<arg>stderr=STDOUT</arg>
<doc>Runs a process and waits for it to complete.</doc>
<msg timestamp="20220508 06:44:00.843" level="INFO">Starting process:
echo "DEBUG-5"</msg>
<msg timestamp="20220508 06:44:00.845" level="INFO">Waiting for process to complete.</msg>
<msg timestamp="20220508 06:44:00.845" level="INFO">Process completed.</msg>
<msg timestamp="20220508 06:44:00.845" level="INFO">${result} = &lt;result object with rc 0&gt;</msg>
<status status="PASS" starttime="20220508 06:44:00.842" endtime="20220508 06:44:00.845"/>
</kw>
<kw name="Log To Console" library="BuiltIn">
<arg>${result.stdout}</arg>
<doc>Logs the given message to the console.</doc>
<status status="PASS" starttime="20220508 06:44:00.846" endtime="20220508 06:44:00.847"/>
</kw>
<kw name="Should Be Equal As Integers" library="BuiltIn">
<arg>${result.rc}</arg>
<arg>0</arg>
<arg>msg=${result.stderr}</arg>
<doc>Fails if objects are unequal after converting them to integers.</doc>
<msg timestamp="20220508 06:44:00.848" level="INFO">Argument types are:
&lt;class 'int'&gt;
&lt;type 'unicode'&gt;</msg>
<status status="PASS" starttime="20220508 06:44:00.847" endtime="20220508 06:44:00.848"/>
</kw>
<status status="PASS" starttime="20220508 06:44:00.842" endtime="20220508 06:44:00.849"/>
</kw>
<kw name="Execute Linux Command" library="common">
<arg>unzip -o apk.zip -d apk</arg>
<arg>${TMP_DIR}</arg>
<kw name="Run Process" library="Process">
<var>${result}</var>
<arg>${command}</arg>
<arg>shell=true</arg>
<arg>cwd=${work_dir}</arg>
<arg>stdout=${ROBOT_LOG}</arg>
<arg>stderr=STDOUT</arg>
<doc>Runs a process and waits for it to complete.</doc>
<msg timestamp="20220508 06:44:00.850" level="INFO">Starting process:
unzip -o apk.zip -d apk</msg>
<msg timestamp="20220508 06:44:00.852" level="INFO">Waiting for process to complete.</msg>
<msg timestamp="20220508 06:44:02.655" level="INFO">Process completed.</msg>
<msg timestamp="20220508 06:44:02.655" level="INFO">${result} = &lt;result object with rc 0&gt;</msg>
<status status="PASS" starttime="20220508 06:44:00.849" endtime="20220508 06:44:02.655"/>
</kw>
<kw name="Log To Console" library="BuiltIn">
<arg>${result.stdout}</arg>
<doc>Logs the given message to the console.</doc>
<status status="PASS" starttime="20220508 06:44:02.656" endtime="20220508 06:44:02.656"/>
</kw>
<kw name="Should Be Equal As Integers" library="BuiltIn">
<arg>${result.rc}</arg>
<arg>0</arg>
<arg>msg=${result.stderr}</arg>
<doc>Fails if objects are unequal after converting them to integers.</doc>
<msg timestamp="20220508 06:44:02.658" level="INFO">Argument types are:
&lt;class 'int'&gt;
&lt;type 'unicode'&gt;</msg>
<status status="PASS" starttime="20220508 06:44:02.657" endtime="20220508 06:44:02.658"/>
</kw>
<status status="PASS" starttime="20220508 06:44:00.849" endtime="20220508 06:44:02.658"/>
</kw>
<kw name="Execute Linux Command" library="common">
<arg>cp apk/services/CoreServices/build/outputs/apk/A/debug/CoreServices-*-debug.apk archive/apk</arg>
<arg>${TMP_DIR}</arg>
<kw name="Run Process" library="Process">
<var>${result}</var>
<arg>${command}</arg>
<arg>shell=true</arg>
<arg>cwd=${work_dir}</arg>
<arg>stdout=${ROBOT_LOG}</arg>
<arg>stderr=STDOUT</arg>
<doc>Runs a process and waits for it to complete.</doc>
<msg timestamp="20220508 06:44:02.659" level="INFO">Starting process:
cp apk/services/CoreServices/build/outputs/apk/A/debug/CoreServices-*-debug.apk archive/apk</msg>
<msg timestamp="20220508 06:44:02.660" level="INFO">Waiting for process to complete.</msg>
<msg timestamp="20220508 06:44:02.670" level="INFO">Process completed.</msg>
<msg timestamp="20220508 06:44:02.670" level="INFO">${result} = &lt;result object with rc 0&gt;</msg>
<status status="PASS" starttime="20220508 06:44:02.658" endtime="20220508 06:44:02.670"/>
</kw>
<kw name="Log To Console" library="BuiltIn">
<arg>${result.stdout}</arg>
<doc>Logs the given message to the console.</doc>
<status status="PASS" starttime="20220508 06:44:02.670" endtime="20220508 06:44:02.671"/>
</kw>
<kw name="Should Be Equal As Integers" library="BuiltIn">
<arg>${result.rc}</arg>
<arg>0</arg>
<arg>msg=${result.stderr}</arg>
<doc>Fails if objects are unequal after converting them to integers.</doc>
<msg timestamp="20220508 06:44:02.672" level="INFO">Argument types are:
&lt;class 'int'&gt;
&lt;type 'unicode'&gt;</msg>
<status status="PASS" starttime="20220508 06:44:02.671" endtime="20220508 06:44:02.672"/>
</kw>
<status status="PASS" starttime="20220508 06:44:02.658" endtime="20220508 06:44:02.673"/>
</kw>
<kw name="Execute Linux Command" library="common">
<arg>cp apk/services/HDPClientServices/build/outputs/apk/A/debug/HDPClientServices-*-debug.apk archive/apk</arg>
<arg>${TMP_DIR}</arg>
<kw name="Run Process" library="Process">
<var>${result}</var>
<arg>${command}</arg>
<arg>shell=true</arg>
<arg>cwd=${work_dir}</arg>
<arg>stdout=${ROBOT_LOG}</arg>
<arg>stderr=STDOUT</arg>
<doc>Runs a process and waits for it to complete.</doc>
<msg timestamp="20220508 06:44:02.673" level="INFO">Starting process:
cp apk/services/HDPClientServices/build/outputs/apk/A/debug/HDPClientServices-*-debug.apk archive/apk</msg>
<msg timestamp="20220508 06:44:02.675" level="INFO">Waiting for process to complete.</msg>
<msg timestamp="20220508 06:44:02.678" level="INFO">Process completed.</msg>
<msg timestamp="20220508 06:44:02.678" level="INFO">${result} = &lt;result object with rc 0&gt;</msg>
<status status="PASS" starttime="20220508 06:44:02.673" endtime="20220508 06:44:02.678"/>
</kw>
<kw name="Log To Console" library="BuiltIn">
<arg>${result.stdout}</arg>
<doc>Logs the given message to the console.</doc>
<status status="PASS" starttime="20220508 06:44:02.678" endtime="20220508 06:44:02.679"/>
</kw>
<kw name="Should Be Equal As Integers" library="BuiltIn">
<arg>${result.rc}</arg>
<arg>0</arg>
<arg>msg=${result.stderr}</arg>
<doc>Fails if objects are unequal after converting them to integers.</doc>
<msg timestamp="20220508 06:44:02.680" level="INFO">Argument types are:
&lt;class 'int'&gt;
&lt;type 'unicode'&gt;</msg>
<status status="PASS" starttime="20220508 06:44:02.679" endtime="20220508 06:44:02.680"/>
</kw>
<status status="PASS" starttime="20220508 06:44:02.673" endtime="20220508 06:44:02.680"/>
</kw>
<kw name="Execute Linux Command" library="common">
<arg>cp apk/services/NetworkingServices/build/outputs/apk/A/debug/NetworkingServices-*-debug.apk archive/apk</arg>
<arg>${TMP_DIR}</arg>
<kw name="Run Process" library="Process">
<var>${result}</var>
<arg>${command}</arg>
<arg>shell=true</arg>
<arg>cwd=${work_dir}</arg>
<arg>stdout=${ROBOT_LOG}</arg>
<arg>stderr=STDOUT</arg>
<doc>Runs a process and waits for it to complete.</doc>
<msg timestamp="20220508 06:44:02.681" level="INFO">Starting process:
cp apk/services/NetworkingServices/build/outputs/apk/A/debug/NetworkingServices-*-debug.apk archive/apk</msg>
<msg timestamp="20220508 06:44:02.682" level="INFO">Waiting for process to complete.</msg>
<msg timestamp="20220508 06:44:02.685" level="INFO">Process completed.</msg>
<msg timestamp="20220508 06:44:02.685" level="INFO">${result} = &lt;result object with rc 0&gt;</msg>
<status status="PASS" starttime="20220508 06:44:02.681" endtime="20220508 06:44:02.685"/>
</kw>
<kw name="Log To Console" library="BuiltIn">
<arg>${result.stdout}</arg>
<doc>Logs the given message to the console.</doc>
<status status="PASS" starttime="20220508 06:44:02.686" endtime="20220508 06:44:02.686"/>
</kw>
<kw name="Should Be Equal As Integers" library="BuiltIn">
<arg>${result.rc}</arg>
<arg>0</arg>
<arg>msg=${result.stderr}</arg>
<doc>Fails if objects are unequal after converting them to integers.</doc>
<msg timestamp="20220508 06:44:02.687" level="INFO">Argument types are:
&lt;class 'int'&gt;
&lt;type 'unicode'&gt;</msg>
<status status="PASS" starttime="20220508 06:44:02.686" endtime="20220508 06:44:02.687"/>
</kw>
<status status="PASS" starttime="20220508 06:44:02.680" endtime="20220508 06:44:02.688"/>
</kw>
<kw name="Execute Linux Command" library="common">
<arg>cp apk/services/PlumProxyServices/build/outputs/apk/A/debug/PlumProxyServices-*-debug.apk archive/apk</arg>
<arg>${TMP_DIR}</arg>
<kw name="Run Process" library="Process">
<var>${result}</var>
<arg>${command}</arg>
<arg>shell=true</arg>
<arg>cwd=${work_dir}</arg>
<arg>stdout=${ROBOT_LOG}</arg>
<arg>stderr=STDOUT</arg>
<doc>Runs a process and waits for it to complete.</doc>
<msg timestamp="20220508 06:44:02.688" level="INFO">Starting process:
cp apk/services/PlumProxyServices/build/outputs/apk/A/debug/PlumProxyServices-*-debug.apk archive/apk</msg>
<msg timestamp="20220508 06:44:02.690" level="INFO">Waiting for process to complete.</msg>
<msg timestamp="20220508 06:44:02.692" level="INFO">Process completed.</msg>
<msg timestamp="20220508 06:44:02.693" level="INFO">${result} = &lt;result object with rc 0&gt;</msg>
<status status="PASS" starttime="20220508 06:44:02.688" endtime="20220508 06:44:02.693"/>
</kw>
<kw name="Log To Console" library="BuiltIn">
<arg>${result.stdout}</arg>
<doc>Logs the given message to the console.</doc>
<status status="PASS" starttime="20220508 06:44:02.693" endtime="20220508 06:44:02.694"/>
</kw>
<kw name="Should Be Equal As Integers" library="BuiltIn">
<arg>${result.rc}</arg>
<arg>0</arg>
<arg>msg=${result.stderr}</arg>
<doc>Fails if objects are unequal after converting them to integers.</doc>
<msg timestamp="20220508 06:44:02.695" level="INFO">Argument types are:
&lt;class 'int'&gt;
&lt;type 'unicode'&gt;</msg>
<status status="PASS" starttime="20220508 06:44:02.694" endtime="20220508 06:44:02.695"/>
</kw>
<status status="PASS" starttime="20220508 06:44:02.688" endtime="20220508 06:44:02.695"/>
</kw>
<kw name="Execute Linux Command" library="common">
<arg>cp apk/services/WebServices/build/outputs/apk/A/debug/WebServices-*-debug.apk archive/apk</arg>
<arg>${TMP_DIR}</arg>
<kw name="Run Process" library="Process">
<var>${result}</var>
<arg>${command}</arg>
<arg>shell=true</arg>
<arg>cwd=${work_dir}</arg>
<arg>stdout=${ROBOT_LOG}</arg>
<arg>stderr=STDOUT</arg>
<doc>Runs a process and waits for it to complete.</doc>
<msg timestamp="20220508 06:44:02.696" level="INFO">Starting process:
cp apk/services/WebServices/build/outputs/apk/A/debug/WebServices-*-debug.apk archive/apk</msg>
<msg timestamp="20220508 06:44:02.697" level="INFO">Waiting for process to complete.</msg>
<msg timestamp="20220508 06:44:02.700" level="INFO">Process completed.</msg>
<msg timestamp="20220508 06:44:02.700" level="INFO">${result} = &lt;result object with rc 0&gt;</msg>
<status status="PASS" starttime="20220508 06:44:02.696" endtime="20220508 06:44:02.700"/>
</kw>
<kw name="Log To Console" library="BuiltIn">
<arg>${result.stdout}</arg>
<doc>Logs the given message to the console.</doc>
<status status="PASS" starttime="20220508 06:44:02.701" endtime="20220508 06:44:02.701"/>
</kw>
<kw name="Should Be Equal As Integers" library="BuiltIn">
<arg>${result.rc}</arg>
<arg>0</arg>
<arg>msg=${result.stderr}</arg>
<doc>Fails if objects are unequal after converting them to integers.</doc>
<msg timestamp="20220508 06:44:02.702" level="INFO">Argument types are:
&lt;class 'int'&gt;
&lt;type 'unicode'&gt;</msg>
<status status="PASS" starttime="20220508 06:44:02.702" endtime="20220508 06:44:02.702"/>
</kw>
<status status="PASS" starttime="20220508 06:44:02.695" endtime="20220508 06:44:02.703"/>
</kw>
<kw name="Execute Linux Command" library="common">
<arg>ls -al apk</arg>
<arg>${TMP_DIR}/archive</arg>
<kw name="Run Process" library="Process">
<var>${result}</var>
<arg>${command}</arg>
<arg>shell=true</arg>
<arg>cwd=${work_dir}</arg>
<arg>stdout=${ROBOT_LOG}</arg>
<arg>stderr=STDOUT</arg>
<doc>Runs a process and waits for it to complete.</doc>
<msg timestamp="20220508 06:44:02.704" level="INFO">Starting process:
ls -al apk</msg>
<msg timestamp="20220508 06:44:02.705" level="INFO">Waiting for process to complete.</msg>
<msg timestamp="20220508 06:44:02.706" level="INFO">Process completed.</msg>
<msg timestamp="20220508 06:44:02.707" level="INFO">${result} = &lt;result object with rc 0&gt;</msg>
<status status="PASS" starttime="20220508 06:44:02.703" endtime="20220508 06:44:02.707"/>
</kw>
<kw name="Log To Console" library="BuiltIn">
<arg>${result.stdout}</arg>
<doc>Logs the given message to the console.</doc>
<status status="PASS" starttime="20220508 06:44:02.707" endtime="20220508 06:44:02.707"/>
</kw>
<kw name="Should Be Equal As Integers" library="BuiltIn">
<arg>${result.rc}</arg>
<arg>0</arg>
<arg>msg=${result.stderr}</arg>
<doc>Fails if objects are unequal after converting them to integers.</doc>
<msg timestamp="20220508 06:44:02.708" level="INFO">Argument types are:
&lt;class 'int'&gt;
&lt;type 'unicode'&gt;</msg>
<status status="PASS" starttime="20220508 06:44:02.708" endtime="20220508 06:44:02.708"/>
</kw>
<status status="PASS" starttime="20220508 06:44:02.703" endtime="20220508 06:44:02.709"/>
</kw>
<kw name="Execute Linux Command" library="common">
<arg>echo "DEBUG-6"</arg>
<kw name="Run Process" library="Process">
<var>${result}</var>
<arg>${command}</arg>
<arg>shell=true</arg>
<arg>cwd=${work_dir}</arg>
<arg>stdout=${ROBOT_LOG}</arg>
<arg>stderr=STDOUT</arg>
<doc>Runs a process and waits for it to complete.</doc>
<msg timestamp="20220508 06:44:02.710" level="INFO">Starting process:
echo "DEBUG-6"</msg>
<msg timestamp="20220508 06:44:02.711" level="INFO">Waiting for process to complete.</msg>
<msg timestamp="20220508 06:44:02.711" level="INFO">Process completed.</msg>
<msg timestamp="20220508 06:44:02.711" level="INFO">${result} = &lt;result object with rc 0&gt;</msg>
<status status="PASS" starttime="20220508 06:44:02.709" endtime="20220508 06:44:02.711"/>
</kw>
<kw name="Log To Console" library="BuiltIn">
<arg>${result.stdout}</arg>
<doc>Logs the given message to the console.</doc>
<status status="PASS" starttime="20220508 06:44:02.712" endtime="20220508 06:44:02.712"/>
</kw>
<kw name="Should Be Equal As Integers" library="BuiltIn">
<arg>${result.rc}</arg>
<arg>0</arg>
<arg>msg=${result.stderr}</arg>
<doc>Fails if objects are unequal after converting them to integers.</doc>
<msg timestamp="20220508 06:44:02.713" level="INFO">Argument types are:
&lt;class 'int'&gt;
&lt;type 'unicode'&gt;</msg>
<status status="PASS" starttime="20220508 06:44:02.712" endtime="20220508 06:44:02.713"/>
</kw>
<status status="PASS" starttime="20220508 06:44:02.709" endtime="20220508 06:44:02.714"/>
</kw>
<status status="PASS" starttime="20220508 06:41:12.049" endtime="20220508 06:44:02.714"/>
</kw>
<test id="s1-t1" name="Device Shall Update Software">
<kw name="Perform Software Update" library="common">
<kw name="Get Time" library="BuiltIn">
<var>${time}</var>
<arg>epoch</arg>
<doc>Returns the given time in the requested format.</doc>
<msg timestamp="20220508 06:44:02.715" level="INFO">${time} = 1652010242</msg>
<status status="PASS" starttime="20220508 06:44:02.715" endtime="20220508 06:44:02.715"/>
</kw>
<kw name="Convert To String" library="BuiltIn">
<var>${time_string}</var>
<arg>${time}</arg>
<doc>Converts the given item to a Unicode string.</doc>
<msg timestamp="20220508 06:44:02.715" level="INFO">${time_string} = 1652010242</msg>
<status status="PASS" starttime="20220508 06:44:02.715" endtime="20220508 06:44:02.715"/>
</kw>
<kw name="Execute Linux Command" library="common">
<arg>pwd</arg>
<kw name="Run Process" library="Process">
<var>${result}</var>
<arg>${command}</arg>
<arg>shell=true</arg>
<arg>cwd=${work_dir}</arg>
<arg>stdout=${ROBOT_LOG}</arg>
<arg>stderr=STDOUT</arg>
<doc>Runs a process and waits for it to complete.</doc>
<msg timestamp="20220508 06:44:02.716" level="INFO">Starting process:
pwd</msg>
<msg timestamp="20220508 06:44:02.717" level="INFO">Waiting for process to complete.</msg>
<msg timestamp="20220508 06:44:02.718" level="INFO">Process completed.</msg>
<msg timestamp="20220508 06:44:02.718" level="INFO">${result} = &lt;result object with rc 0&gt;</msg>
<status status="PASS" starttime="20220508 06:44:02.715" endtime="20220508 06:44:02.718"/>
</kw>
<kw name="Log To Console" library="BuiltIn">
<arg>${result.stdout}</arg>
<doc>Logs the given message to the console.</doc>
<status status="PASS" starttime="20220508 06:44:02.718" endtime="20220508 06:44:02.719"/>
</kw>
<kw name="Should Be Equal As Integers" library="BuiltIn">
<arg>${result.rc}</arg>
<arg>0</arg>
<arg>msg=${result.stderr}</arg>
<doc>Fails if objects are unequal after converting them to integers.</doc>
<msg timestamp="20220508 06:44:02.720" level="INFO">Argument types are:
&lt;class 'int'&gt;
&lt;type 'unicode'&gt;</msg>
<status status="PASS" starttime="20220508 06:44:02.719" endtime="20220508 06:44:02.720"/>
</kw>
<status status="PASS" starttime="20220508 06:44:02.715" endtime="20220508 06:44:02.720"/>
</kw>
<kw name="Execute Linux Command" library="common">
<arg>echo "DEBUG-7"</arg>
<kw name="Run Process" library="Process">
<var>${result}</var>
<arg>${command}</arg>
<arg>shell=true</arg>
<arg>cwd=${work_dir}</arg>
<arg>stdout=${ROBOT_LOG}</arg>
<arg>stderr=STDOUT</arg>
<doc>Runs a process and waits for it to complete.</doc>
<msg timestamp="20220508 06:44:02.721" level="INFO">Starting process:
echo "DEBUG-7"</msg>
<msg timestamp="20220508 06:44:02.722" level="INFO">Waiting for process to complete.</msg>
<msg timestamp="20220508 06:44:02.723" level="INFO">Process completed.</msg>
<msg timestamp="20220508 06:44:02.723" level="INFO">${result} = &lt;result object with rc 0&gt;</msg>
<status status="PASS" starttime="20220508 06:44:02.721" endtime="20220508 06:44:02.723"/>
</kw>
<kw name="Log To Console" library="BuiltIn">
<arg>${result.stdout}</arg>
<doc>Logs the given message to the console.</doc>
<status status="PASS" starttime="20220508 06:44:02.723" endtime="20220508 06:44:02.724"/>
</kw>
<kw name="Should Be Equal As Integers" library="BuiltIn">
<arg>${result.rc}</arg>
<arg>0</arg>
<arg>msg=${result.stderr}</arg>
<doc>Fails if objects are unequal after converting them to integers.</doc>
<msg timestamp="20220508 06:44:02.725" level="INFO">Argument types are:
&lt;class 'int'&gt;
&lt;type 'unicode'&gt;</msg>
<status status="PASS" starttime="20220508 06:44:02.724" endtime="20220508 06:44:02.725"/>
</kw>
<status status="PASS" starttime="20220508 06:44:02.720" endtime="20220508 06:44:02.725"/>
</kw>
<kw name="Execute Linux Command" library="common">
<arg>ls -al</arg>
<kw name="Run Process" library="Process">
<var>${result}</var>
<arg>${command}</arg>
<arg>shell=true</arg>
<arg>cwd=${work_dir}</arg>
<arg>stdout=${ROBOT_LOG}</arg>
<arg>stderr=STDOUT</arg>
<doc>Runs a process and waits for it to complete.</doc>
<msg timestamp="20220508 06:44:02.726" level="INFO">Starting process:
ls -al</msg>
<msg timestamp="20220508 06:44:02.727" level="INFO">Waiting for process to complete.</msg>
<msg timestamp="20220508 06:44:02.729" level="INFO">Process completed.</msg>
<msg timestamp="20220508 06:44:02.729" level="INFO">${result} = &lt;result object with rc 0&gt;</msg>
<status status="PASS" starttime="20220508 06:44:02.726" endtime="20220508 06:44:02.729"/>
</kw>
<kw name="Log To Console" library="BuiltIn">
<arg>${result.stdout}</arg>
<doc>Logs the given message to the console.</doc>
<status status="PASS" starttime="20220508 06:44:02.729" endtime="20220508 06:44:02.730"/>
</kw>
<kw name="Should Be Equal As Integers" library="BuiltIn">
<arg>${result.rc}</arg>
<arg>0</arg>
<arg>msg=${result.stderr}</arg>
<doc>Fails if objects are unequal after converting them to integers.</doc>
<msg timestamp="20220508 06:44:02.731" level="INFO">Argument types are:
&lt;class 'int'&gt;
&lt;type 'unicode'&gt;</msg>
<status status="PASS" starttime="20220508 06:44:02.730" endtime="20220508 06:44:02.731"/>
</kw>
<status status="PASS" starttime="20220508 06:44:02.725" endtime="20220508 06:44:02.731"/>
</kw>
<kw name="Execute Linux Command" library="common">
<arg>echo ${TMP_DIR}</arg>
<kw name="Run Process" library="Process">
<var>${result}</var>
<arg>${command}</arg>
<arg>shell=true</arg>
<arg>cwd=${work_dir}</arg>
<arg>stdout=${ROBOT_LOG}</arg>
<arg>stderr=STDOUT</arg>
<doc>Runs a process and waits for it to complete.</doc>
<msg timestamp="20220508 06:44:02.732" level="INFO">Starting process:
echo /home/jenkins/testAutomation/robotFramework/tmp_robot</msg>
<msg timestamp="20220508 06:44:02.734" level="INFO">Waiting for process to complete.</msg>
<msg timestamp="20220508 06:44:02.734" level="INFO">Process completed.</msg>
<msg timestamp="20220508 06:44:02.734" level="INFO">${result} = &lt;result object with rc 0&gt;</msg>
<status status="PASS" starttime="20220508 06:44:02.732" endtime="20220508 06:44:02.734"/>
</kw>
<kw name="Log To Console" library="BuiltIn">
<arg>${result.stdout}</arg>
<doc>Logs the given message to the console.</doc>
<status status="PASS" starttime="20220508 06:44:02.734" endtime="20220508 06:44:02.735"/>
</kw>
<kw name="Should Be Equal As Integers" library="BuiltIn">
<arg>${result.rc}</arg>
<arg>0</arg>
<arg>msg=${result.stderr}</arg>
<doc>Fails if objects are unequal after converting them to integers.</doc>
<msg timestamp="20220508 06:44:02.736" level="INFO">Argument types are:
&lt;class 'int'&gt;
&lt;type 'unicode'&gt;</msg>
<status status="PASS" starttime="20220508 06:44:02.735" endtime="20220508 06:44:02.736"/>
</kw>
<status status="PASS" starttime="20220508 06:44:02.731" endtime="20220508 06:44:02.736"/>
</kw>
<kw name="Execute Linux Command" library="common">
<arg>echo "DEBUG-8"</arg>
<kw name="Run Process" library="Process">
<var>${result}</var>
<arg>${command}</arg>
<arg>shell=true</arg>
<arg>cwd=${work_dir}</arg>
<arg>stdout=${ROBOT_LOG}</arg>
<arg>stderr=STDOUT</arg>
<doc>Runs a process and waits for it to complete.</doc>
<msg timestamp="20220508 06:44:02.737" level="INFO">Starting process:
echo "DEBUG-8"</msg>
<msg timestamp="20220508 06:44:02.739" level="INFO">Waiting for process to complete.</msg>
<msg timestamp="20220508 06:44:02.739" level="INFO">Process completed.</msg>
<msg timestamp="20220508 06:44:02.739" level="INFO">${result} = &lt;result object with rc 0&gt;</msg>
<status status="PASS" starttime="20220508 06:44:02.737" endtime="20220508 06:44:02.739"/>
</kw>
<kw name="Log To Console" library="BuiltIn">
<arg>${result.stdout}</arg>
<doc>Logs the given message to the console.</doc>
<status status="PASS" starttime="20220508 06:44:02.739" endtime="20220508 06:44:02.740"/>
</kw>
<kw name="Should Be Equal As Integers" library="BuiltIn">
<arg>${result.rc}</arg>
<arg>0</arg>
<arg>msg=${result.stderr}</arg>
<doc>Fails if objects are unequal after converting them to integers.</doc>
<msg timestamp="20220508 06:44:02.741" level="INFO">Argument types are:
&lt;class 'int'&gt;
&lt;type 'unicode'&gt;</msg>
<status status="PASS" starttime="20220508 06:44:02.740" endtime="20220508 06:44:02.741"/>
</kw>
<status status="PASS" starttime="20220508 06:44:02.736" endtime="20220508 06:44:02.741"/>
</kw>
<kw name="Execute Linux Command" library="common">
<arg>ls -al</arg>
<arg>${TMP_DIR}/apk</arg>
<kw name="Run Process" library="Process">
<var>${result}</var>
<arg>${command}</arg>
<arg>shell=true</arg>
<arg>cwd=${work_dir}</arg>
<arg>stdout=${ROBOT_LOG}</arg>
<arg>stderr=STDOUT</arg>
<doc>Runs a process and waits for it to complete.</doc>
<msg timestamp="20220508 06:44:02.742" level="INFO">Starting process:
ls -al</msg>
<msg timestamp="20220508 06:44:02.744" level="INFO">Waiting for process to complete.</msg>
<msg timestamp="20220508 06:44:02.745" level="INFO">Process completed.</msg>
<msg timestamp="20220508 06:44:02.745" level="INFO">${result} = &lt;result object with rc 0&gt;</msg>
<status status="PASS" starttime="20220508 06:44:02.742" endtime="20220508 06:44:02.745"/>
</kw>
<kw name="Log To Console" library="BuiltIn">
<arg>${result.stdout}</arg>
<doc>Logs the given message to the console.</doc>
<status status="PASS" starttime="20220508 06:44:02.745" endtime="20220508 06:44:02.746"/>
</kw>
<kw name="Should Be Equal As Integers" library="BuiltIn">
<arg>${result.rc}</arg>
<arg>0</arg>
<arg>msg=${result.stderr}</arg>
<doc>Fails if objects are unequal after converting them to integers.</doc>
<msg timestamp="20220508 06:44:02.747" level="INFO">Argument types are:
&lt;class 'int'&gt;
&lt;type 'unicode'&gt;</msg>
<status status="PASS" starttime="20220508 06:44:02.746" endtime="20220508 06:44:02.747"/>
</kw>
<status status="PASS" starttime="20220508 06:44:02.741" endtime="20220508 06:44:02.747"/>
</kw>
<kw name="Execute Linux Command" library="common">
<arg>${TMP_DIR}/archive/generate_ota.sh -h</arg>
<kw name="Run Process" library="Process">
<var>${result}</var>
<arg>${command}</arg>
<arg>shell=true</arg>
<arg>cwd=${work_dir}</arg>
<arg>stdout=${ROBOT_LOG}</arg>
<arg>stderr=STDOUT</arg>
<doc>Runs a process and waits for it to complete.</doc>
<msg timestamp="20220508 06:44:02.748" level="INFO">Starting process:
/home/jenkins/testAutomation/robotFramework/tmp_robot/archive/generate_ota.sh -h</msg>
<msg timestamp="20220508 06:44:02.750" level="INFO">Waiting for process to complete.</msg>
<msg timestamp="20220508 06:44:02.753" level="INFO">Process completed.</msg>
<msg timestamp="20220508 06:44:02.753" level="INFO">${result} = &lt;result object with rc 0&gt;</msg>
<status status="PASS" starttime="20220508 06:44:02.748" endtime="20220508 06:44:02.753"/>
</kw>
<kw name="Log To Console" library="BuiltIn">
<arg>${result.stdout}</arg>
<doc>Logs the given message to the console.</doc>
<status status="PASS" starttime="20220508 06:44:02.753" endtime="20220508 06:44:02.754"/>
</kw>
<kw name="Should Be Equal As Integers" library="BuiltIn">
<arg>${result.rc}</arg>
<arg>0</arg>
<arg>msg=${result.stderr}</arg>
<doc>Fails if objects are unequal after converting them to integers.</doc>
<msg timestamp="20220508 06:44:02.755" level="INFO">Argument types are:
&lt;class 'int'&gt;
&lt;type 'unicode'&gt;</msg>
<status status="PASS" starttime="20220508 06:44:02.754" endtime="20220508 06:44:02.755"/>
</kw>
<status status="PASS" starttime="20220508 06:44:02.747" endtime="20220508 06:44:02.755"/>
</kw>
<kw name="Execute Linux Command" library="common">
<arg>echo "DEBUG-9"</arg>
<kw name="Run Process" library="Process">
<var>${result}</var>
<arg>${command}</arg>
<arg>shell=true</arg>
<arg>cwd=${work_dir}</arg>
<arg>stdout=${ROBOT_LOG}</arg>
<arg>stderr=STDOUT</arg>
<doc>Runs a process and waits for it to complete.</doc>
<msg timestamp="20220508 06:44:02.756" level="INFO">Starting process:
echo "DEBUG-9"</msg>
<msg timestamp="20220508 06:44:02.758" level="INFO">Waiting for process to complete.</msg>
<msg timestamp="20220508 06:44:02.758" level="INFO">Process completed.</msg>
<msg timestamp="20220508 06:44:02.758" level="INFO">${result} = &lt;result object with rc 0&gt;</msg>
<status status="PASS" starttime="20220508 06:44:02.756" endtime="20220508 06:44:02.758"/>
</kw>
<kw name="Log To Console" library="BuiltIn">
<arg>${result.stdout}</arg>
<doc>Logs the given message to the console.</doc>
<status status="PASS" starttime="20220508 06:44:02.758" endtime="20220508 06:44:02.759"/>
</kw>
<kw name="Should Be Equal As Integers" library="BuiltIn">
<arg>${result.rc}</arg>
<arg>0</arg>
<arg>msg=${result.stderr}</arg>
<doc>Fails if objects are unequal after converting them to integers.</doc>
<msg timestamp="20220508 06:44:02.760" level="INFO">Argument types are:
&lt;class 'int'&gt;
&lt;type 'unicode'&gt;</msg>
<status status="PASS" starttime="20220508 06:44:02.759" endtime="20220508 06:44:02.760"/>
</kw>
<status status="PASS" starttime="20220508 06:44:02.755" endtime="20220508 06:44:02.760"/>
</kw>
<kw name="Execute Linux Command" library="common">
<arg>${TMP_DIR}/archive/generate_ota.sh --type ${time_string}</arg>
<arg>${TMP_DIR}/archive</arg>
<kw name="Run Process" library="Process">
<var>${result}</var>
<arg>${command}</arg>
<arg>shell=true</arg>
<arg>cwd=${work_dir}</arg>
<arg>stdout=${ROBOT_LOG}</arg>
<arg>stderr=STDOUT</arg>
<doc>Runs a process and waits for it to complete.</doc>
<msg timestamp="20220508 06:44:02.761" level="INFO">Starting process:
/home/jenkins/testAutomation/robotFramework/tmp_robot/archive/generate_ota.sh --type 1652010242</msg>
<msg timestamp="20220508 06:44:02.763" level="INFO">Waiting for process to complete.</msg>
<msg timestamp="20220508 06:47:02.019" level="INFO">Process completed.</msg>
<msg timestamp="20220508 06:47:02.019" level="INFO">${result} = &lt;result object with rc 0&gt;</msg>
<status status="PASS" starttime="20220508 06:44:02.761" endtime="20220508 06:47:02.019"/>
</kw>
<kw name="Log To Console" library="BuiltIn">
<arg>${result.stdout}</arg>
<doc>Logs the given message to the console.</doc>
<status status="PASS" starttime="20220508 06:47:02.019" endtime="20220508 06:47:02.022"/>
</kw>
<kw name="Should Be Equal As Integers" library="BuiltIn">
<arg>${result.rc}</arg>
<arg>0</arg>
<arg>msg=${result.stderr}</arg>
<doc>Fails if objects are unequal after converting them to integers.</doc>
<msg timestamp="20220508 06:47:02.023" level="INFO">Argument types are:
&lt;class 'int'&gt;
&lt;type 'unicode'&gt;</msg>
<status status="PASS" starttime="20220508 06:47:02.022" endtime="20220508 06:47:02.023"/>
</kw>
<status status="PASS" starttime="20220508 06:44:02.760" endtime="20220508 06:47:02.023"/>
</kw>
<kw name="Execute Linux Command" library="common">
<arg>echo "DEBUG-10"</arg>
<kw name="Run Process" library="Process">
<var>${result}</var>
<arg>${command}</arg>
<arg>shell=true</arg>
<arg>cwd=${work_dir}</arg>
<arg>stdout=${ROBOT_LOG}</arg>
<arg>stderr=STDOUT</arg>
<doc>Runs a process and waits for it to complete.</doc>
<msg timestamp="20220508 06:47:02.024" level="INFO">Starting process:
echo "DEBUG-10"</msg>
<msg timestamp="20220508 06:47:02.026" level="INFO">Waiting for process to complete.</msg>
<msg timestamp="20220508 06:47:02.026" level="INFO">Process completed.</msg>
<msg timestamp="20220508 06:47:02.026" level="INFO">${result} = &lt;result object with rc 0&gt;</msg>
<status status="PASS" starttime="20220508 06:47:02.024" endtime="20220508 06:47:02.026"/>
</kw>
<kw name="Log To Console" library="BuiltIn">
<arg>${result.stdout}</arg>
<doc>Logs the given message to the console.</doc>
<status status="PASS" starttime="20220508 06:47:02.027" endtime="20220508 06:47:02.027"/>
</kw>
<kw name="Should Be Equal As Integers" library="BuiltIn">
<arg>${result.rc}</arg>
<arg>0</arg>
<arg>msg=${result.stderr}</arg>
<doc>Fails if objects are unequal after converting them to integers.</doc>
<msg timestamp="20220508 06:47:02.028" level="INFO">Argument types are:
&lt;class 'int'&gt;
&lt;type 'unicode'&gt;</msg>
<status status="PASS" starttime="20220508 06:47:02.027" endtime="20220508 06:47:02.028"/>
</kw>
<status status="PASS" starttime="20220508 06:47:02.024" endtime="20220508 06:47:02.029"/>
</kw>
<kw name="Run Adb Shell Command" library="common">
<arg>update_ab -c</arg>
<kw name="Execute Linux Command" library="common">
<var>${result}</var>
<arg>adb shell ${command}</arg>
<kw name="Run Process" library="Process">
<var>${result}</var>
<arg>${command}</arg>
<arg>shell=true</arg>
<arg>cwd=${work_dir}</arg>
<arg>stdout=${ROBOT_LOG}</arg>
<arg>stderr=STDOUT</arg>
<doc>Runs a process and waits for it to complete.</doc>
<msg timestamp="20220508 06:47:02.030" level="INFO">Starting process:
adb shell update_ab -c</msg>
<msg timestamp="20220508 06:47:02.031" level="INFO">Waiting for process to complete.</msg>
<msg timestamp="20220508 06:47:06.215" level="INFO">Process completed.</msg>
<msg timestamp="20220508 06:47:06.216" level="INFO">${result} = &lt;result object with rc 0&gt;</msg>
<status status="PASS" starttime="20220508 06:47:02.029" endtime="20220508 06:47:06.216"/>
</kw>
<kw name="Log To Console" library="BuiltIn">
<arg>${result.stdout}</arg>
<doc>Logs the given message to the console.</doc>
<status status="PASS" starttime="20220508 06:47:06.217" endtime="20220508 06:47:06.220"/>
</kw>
<kw name="Should Be Equal As Integers" library="BuiltIn">
<arg>${result.rc}</arg>
<arg>0</arg>
<arg>msg=${result.stderr}</arg>
<doc>Fails if objects are unequal after converting them to integers.</doc>
<msg timestamp="20220508 06:47:06.222" level="INFO">Argument types are:
&lt;class 'int'&gt;
&lt;type 'unicode'&gt;</msg>
<status status="PASS" starttime="20220508 06:47:06.220" endtime="20220508 06:47:06.222"/>
</kw>
<msg timestamp="20220508 06:47:06.222" level="INFO">${result} = * daemon not running; starting now at tcp:5037
* daemon started successfully
Clear Slot Status
 Clear Slot Status: OK</msg>
<status status="PASS" starttime="20220508 06:47:02.029" endtime="20220508 06:47:06.222"/>
</kw>
<kw name="Execute Linux Command" library="common">
<var>${result2}</var>
<arg>echo $?</arg>
<kw name="Run Process" library="Process">
<var>${result}</var>
<arg>${command}</arg>
<arg>shell=true</arg>
<arg>cwd=${work_dir}</arg>
<arg>stdout=${ROBOT_LOG}</arg>
<arg>stderr=STDOUT</arg>
<doc>Runs a process and waits for it to complete.</doc>
<msg timestamp="20220508 06:47:06.223" level="INFO">Starting process:
echo $?</msg>
<msg timestamp="20220508 06:47:06.225" level="INFO">Waiting for process to complete.</msg>
<msg timestamp="20220508 06:47:06.225" level="INFO">Process completed.</msg>
<msg timestamp="20220508 06:47:06.226" level="INFO">${result} = &lt;result object with rc 0&gt;</msg>
<status status="PASS" starttime="20220508 06:47:06.223" endtime="20220508 06:47:06.226"/>
</kw>
<kw name="Log To Console" library="BuiltIn">
<arg>${result.stdout}</arg>
<doc>Logs the given message to the console.</doc>
<status status="PASS" starttime="20220508 06:47:06.226" endtime="20220508 06:47:06.227"/>
</kw>
<kw name="Should Be Equal As Integers" library="BuiltIn">
<arg>${result.rc}</arg>
<arg>0</arg>
<arg>msg=${result.stderr}</arg>
<doc>Fails if objects are unequal after converting them to integers.</doc>
<msg timestamp="20220508 06:47:06.228" level="INFO">Argument types are:
&lt;class 'int'&gt;
&lt;type 'unicode'&gt;</msg>
<status status="PASS" starttime="20220508 06:47:06.227" endtime="20220508 06:47:06.228"/>
</kw>
<msg timestamp="20220508 06:47:06.229" level="INFO">${result2} = 0</msg>
<status status="PASS" starttime="20220508 06:47:06.222" endtime="20220508 06:47:06.229"/>
</kw>
<kw name="Should Be Equal As Integers" library="BuiltIn">
<arg>${result2}</arg>
<arg>0</arg>
<arg>msg=${result}</arg>
<doc>Fails if objects are unequal after converting them to integers.</doc>
<status status="PASS" starttime="20220508 06:47:06.229" endtime="20220508 06:47:06.230"/>
</kw>
<status status="PASS" starttime="20220508 06:47:02.029" endtime="20220508 06:47:06.230"/>
</kw>
<kw name="Run Adb Shell Command" library="common">
<arg>update_ab -r</arg>
<kw name="Execute Linux Command" library="common">
<var>${result}</var>
<arg>adb shell ${command}</arg>
<kw name="Run Process" library="Process">
<var>${result}</var>
<arg>${command}</arg>
<arg>shell=true</arg>
<arg>cwd=${work_dir}</arg>
<arg>stdout=${ROBOT_LOG}</arg>
<arg>stderr=STDOUT</arg>
<doc>Runs a process and waits for it to complete.</doc>
<msg timestamp="20220508 06:47:06.231" level="INFO">Starting process:
adb shell update_ab -r</msg>
<msg timestamp="20220508 06:47:06.233" level="INFO">Waiting for process to complete.</msg>
<msg timestamp="20220508 06:47:07.393" level="INFO">Process completed.</msg>
<msg timestamp="20220508 06:47:07.394" level="INFO">${result} = &lt;result object with rc 0&gt;</msg>
<status status="PASS" starttime="20220508 06:47:06.231" endtime="20220508 06:47:07.394"/>
</kw>
<kw name="Log To Console" library="BuiltIn">
<arg>${result.stdout}</arg>
<doc>Logs the given message to the console.</doc>
<status status="PASS" starttime="20220508 06:47:07.395" endtime="20220508 06:47:07.398"/>
</kw>
<kw name="Should Be Equal As Integers" library="BuiltIn">
<arg>${result.rc}</arg>
<arg>0</arg>
<arg>msg=${result.stderr}</arg>
<doc>Fails if objects are unequal after converting them to integers.</doc>
<msg timestamp="20220508 06:47:07.400" level="INFO">Argument types are:
&lt;class 'int'&gt;
&lt;type 'unicode'&gt;</msg>
<status status="PASS" starttime="20220508 06:47:07.398" endtime="20220508 06:47:07.400"/>
</kw>
<msg timestamp="20220508 06:47:07.400" level="INFO">${result} = Reset Update Status</msg>
<status status="PASS" starttime="20220508 06:47:06.230" endtime="20220508 06:47:07.400"/>
</kw>
<kw name="Execute Linux Command" library="common">
<var>${result2}</var>
<arg>echo $?</arg>
<kw name="Run Process" library="Process">
<var>${result}</var>
<arg>${command}</arg>
<arg>shell=true</arg>
<arg>cwd=${work_dir}</arg>
<arg>stdout=${ROBOT_LOG}</arg>
<arg>stderr=STDOUT</arg>
<doc>Runs a process and waits for it to complete.</doc>
<msg timestamp="20220508 06:47:07.401" level="INFO">Starting process:
echo $?</msg>
<msg timestamp="20220508 06:47:07.403" level="INFO">Waiting for process to complete.</msg>
<msg timestamp="20220508 06:47:07.404" level="INFO">Process completed.</msg>
<msg timestamp="20220508 06:47:07.404" level="INFO">${result} = &lt;result object with rc 0&gt;</msg>
<status status="PASS" starttime="20220508 06:47:07.401" endtime="20220508 06:47:07.404"/>
</kw>
<kw name="Log To Console" library="BuiltIn">
<arg>${result.stdout}</arg>
<doc>Logs the given message to the console.</doc>
<status status="PASS" starttime="20220508 06:47:07.404" endtime="20220508 06:47:07.405"/>
</kw>
<kw name="Should Be Equal As Integers" library="BuiltIn">
<arg>${result.rc}</arg>
<arg>0</arg>
<arg>msg=${result.stderr}</arg>
<doc>Fails if objects are unequal after converting them to integers.</doc>
<msg timestamp="20220508 06:47:07.407" level="INFO">Argument types are:
&lt;class 'int'&gt;
&lt;type 'unicode'&gt;</msg>
<status status="PASS" starttime="20220508 06:47:07.405" endtime="20220508 06:47:07.407"/>
</kw>
<msg timestamp="20220508 06:47:07.407" level="INFO">${result2} = 0</msg>
<status status="PASS" starttime="20220508 06:47:07.400" endtime="20220508 06:47:07.407"/>
</kw>
<kw name="Should Be Equal As Integers" library="BuiltIn">
<arg>${result2}</arg>
<arg>0</arg>
<arg>msg=${result}</arg>
<doc>Fails if objects are unequal after converting them to integers.</doc>
<status status="PASS" starttime="20220508 06:47:07.407" endtime="20220508 06:47:07.408"/>
</kw>
<status status="PASS" starttime="20220508 06:47:06.230" endtime="20220508 06:47:07.408"/>
</kw>
<kw name="Print BSP Properties" library="common">
<kw name="Run Adb Shell Command" library="common">
<var>${result}</var>
<arg>getprop</arg>
<kw name="Execute Linux Command" library="common">
<var>${result}</var>
<arg>adb shell ${command}</arg>
<kw name="Run Process" library="Process">
<var>${result}</var>
<arg>${command}</arg>
<arg>shell=true</arg>
<arg>cwd=${work_dir}</arg>
<arg>stdout=${ROBOT_LOG}</arg>
<arg>stderr=STDOUT</arg>
<doc>Runs a process and waits for it to complete.</doc>
<msg timestamp="20220508 06:47:07.410" level="INFO">Starting process:
adb shell getprop</msg>
<msg timestamp="20220508 06:47:07.412" level="INFO">Waiting for process to complete.</msg>
<msg timestamp="20220508 06:47:07.472" level="INFO">Process completed.</msg>
<msg timestamp="20220508 06:47:07.473" level="INFO">${result} = &lt;result object with rc 0&gt;</msg>
<status status="PASS" starttime="20220508 06:47:07.409" endtime="20220508 06:47:07.473"/>
</kw>
<kw name="Log To Console" library="BuiltIn">
<arg>${result.stdout}</arg>
<doc>Logs the given message to the console.</doc>
<status status="PASS" starttime="20220508 06:47:07.474" endtime="20220508 06:47:07.478"/>
</kw>
<kw name="Should Be Equal As Integers" library="BuiltIn">
<arg>${result.rc}</arg>
<arg>0</arg>
<arg>msg=${result.stderr}</arg>
<doc>Fails if objects are unequal after converting them to integers.</doc>
<msg timestamp="20220508 06:47:07.482" level="INFO">Argument types are:
&lt;class 'int'&gt;
&lt;type 'unicode'&gt;</msg>
<status status="PASS" starttime="20220508 06:47:07.478" endtime="20220508 06:47:07.482"/>
</kw>
<msg timestamp="20220508 06:47:07.484" level="INFO">${result} = [ce3x.persist.boot.post]: [0]
[ce3x.persist.boot.slot]: [_a]
[ce3x.persist.ce.lastUpdated]: [1603136293498]
[ce3x.persist.coreservices]: [4.1.0.230-team]
[ce3x.persist.deviceid]: [ICU020A2D09D4]
[ce3x...</msg>
<status status="PASS" starttime="20220508 06:47:07.409" endtime="20220508 06:47:07.484"/>
</kw>
<kw name="Execute Linux Command" library="common">
<var>${result2}</var>
<arg>echo $?</arg>
<kw name="Run Process" library="Process">
<var>${result}</var>
<arg>${command}</arg>
<arg>shell=true</arg>
<arg>cwd=${work_dir}</arg>
<arg>stdout=${ROBOT_LOG}</arg>
<arg>stderr=STDOUT</arg>
<doc>Runs a process and waits for it to complete.</doc>
<msg timestamp="20220508 06:47:07.487" level="INFO">Starting process:
echo $?</msg>
<msg timestamp="20220508 06:47:07.492" level="INFO">Waiting for process to complete.</msg>
<msg timestamp="20220508 06:47:07.493" level="INFO">Process completed.</msg>
<msg timestamp="20220508 06:47:07.494" level="INFO">${result} = &lt;result object with rc 0&gt;</msg>
<status status="PASS" starttime="20220508 06:47:07.485" endtime="20220508 06:47:07.494"/>
</kw>
<kw name="Log To Console" library="BuiltIn">
<arg>${result.stdout}</arg>
<doc>Logs the given message to the console.</doc>
<status status="PASS" starttime="20220508 06:47:07.495" endtime="20220508 06:47:07.498"/>
</kw>
<kw name="Should Be Equal As Integers" library="BuiltIn">
<arg>${result.rc}</arg>
<arg>0</arg>
<arg>msg=${result.stderr}</arg>
<doc>Fails if objects are unequal after converting them to integers.</doc>
<msg timestamp="20220508 06:47:07.502" level="INFO">Argument types are:
&lt;class 'int'&gt;
&lt;type 'unicode'&gt;</msg>
<status status="PASS" starttime="20220508 06:47:07.498" endtime="20220508 06:47:07.502"/>
</kw>
<msg timestamp="20220508 06:47:07.504" level="INFO">${result2} = 0</msg>
<status status="PASS" starttime="20220508 06:47:07.484" endtime="20220508 06:47:07.504"/>
</kw>
<kw name="Should Be Equal As Integers" library="BuiltIn">
<arg>${result2}</arg>
<arg>0</arg>
<arg>msg=${result}</arg>
<doc>Fails if objects are unequal after converting them to integers.</doc>
<status status="PASS" starttime="20220508 06:47:07.504" endtime="20220508 06:47:07.506"/>
</kw>
<msg timestamp="20220508 06:47:07.506" level="INFO">${result} = [ce3x.persist.boot.post]: [0]
[ce3x.persist.boot.slot]: [_a]
[ce3x.persist.ce.lastUpdated]: [1603136293498]
[ce3x.persist.coreservices]: [4.1.0.230-team]
[ce3x.persist.deviceid]: [ICU020A2D09D4]
[ce3x...</msg>
<status status="PASS" starttime="20220508 06:47:07.408" endtime="20220508 06:47:07.507"/>
</kw>
<kw name="Log" library="BuiltIn">
<arg>BSP Properties = ${result}</arg>
<doc>Logs the given message with the given level.</doc>
<msg timestamp="20220508 06:47:07.508" level="INFO">BSP Properties = [ce3x.persist.boot.post]: [0]
[ce3x.persist.boot.slot]: [_a]
[ce3x.persist.ce.lastUpdated]: [1603136293498]
[ce3x.persist.coreservices]: [4.1.0.230-team]
[ce3x.persist.deviceid]: [ICU020A2D09D4]
[ce3x.persist.hdpclientservices]: [4.1.0.230-team]
[ce3x.persist.hmss.active.url]: [192.168.109.80:9292]
[ce3x.persist.keystore.id]: [0]
[ce3x.persist.lastupdate]: [0]
[ce3x.persist.loglevel]: [ALL]
[ce3x.persist.msa]: [false]
[ce3x.persist.networkingservices]: [4.1.0.230-team]
[ce3x.persist.periodic.interval]: [295000]
[ce3x.persist.plumproxyservices]: [4.1.0.230-team]
[ce3x.persist.postResetCount]: [0]
[ce3x.persist.rm.state]: [Waiting]
[ce3x.persist.rtcFailReboots]: [0]
[ce3x.persist.systemMode]: [DEFAULT]
[ce3x.persist.user.adb]: [false]
[ce3x.persist.webconfig]: [true]
[ce3x.persist.webservices]: [4.1.0.230-team]
[ce3x.persist.wifi.countrycode]: [US]
[ce3x.persist.wifi.dhcp_reassoc]: [1]
[config.disable_bluetooth]: [1]
[config.disable_cameraservice]: [1]
[config.disable_consumerir]: [1]
[config.disable_location]: [1]
[config.disable_mediaproj]: [1]
[config.disable_noncore]: [1]
[config.disable_otadexopt]: [true]
[config.disable_rtt]: [1]
[config.disable_samplingprof]: [1]
[config.disable_searchmanager]: [1]
[config.disable_serial]: [1]
[config.disable_systemui]: [1]
[config.disable_textservices]: [1]
[config.disable_vrmanager]: [1]
[dalvik.vm.appimageformat]: [lz4]
[dalvik.vm.dex2oat-Xms]: [64m]
[dalvik.vm.dex2oat-Xmx]: [512m]
[dalvik.vm.heapgrowthlimit]: [256m]
[dalvik.vm.heapmaxfree]: [2m]
[dalvik.vm.heapminfree]: [512k]
[dalvik.vm.heapsize]: [128m]
[dalvik.vm.heapstartsize]: [5m]
[dalvik.vm.heaptargetutilization]: [0.75]
[dalvik.vm.image-dex2oat-Xms]: [64m]
[dalvik.vm.image-dex2oat-Xmx]: [64m]
[dalvik.vm.image-dex2oat-filter]: [verify-at-runtime]
[dalvik.vm.isa.arm.features]: [default]
[dalvik.vm.isa.arm.variant]: [cortex-a7]
[dalvik.vm.jit.codecachesize]: [0]
[dalvik.vm.lockprof.threshold]: [500]
[dalvik.vm.stack-trace-file]: [/data/anr/traces.txt]
[dalvik.vm.usejit]: [true]
[dalvik.vm.usejitprofiles]: [true]
[debug.atrace.tags.enableflags]: [0]
[debug.force_rtl]: [0]
[debug.sf.disable_hwc_vds]: [1]
[dev.bootcomplete]: [1]
[init.svc.adbd]: [running]
[init.svc.console]: [running]
[init.svc.debuggerd]: [running]
[init.svc.gatekeeperd]: [running]
[init.svc.hsp_slipsetup]: [stopped]
[init.svc.installd]: [running]
[init.svc.keystore]: [running]
[init.svc.lmkd]: [running]
[init.svc.logcatd]: [running]
[init.svc.logd]: [running]
[init.svc.logd-reinit]: [stopped]
[init.svc.netd]: [running]
[init.svc.servicemanager]: [running]
[init.svc.ueventd]: [running]
[init.svc.update_engine]: [running]
[init.svc.vold]: [running]
[init.svc.wpa_supplicant]: [running]
[init.svc.zygote]: [running]
[keyguard.no_require_sim]: [true]
[log.tag.WifiHAL]: [D]
[logd.logpersistd]: [logcatd]
[logd.logpersistd.enable]: [true]
[net.bt.name]: [Android]
[net.change]: [net.qtaguid_enabled]
[net.hostname]: [undefined]
[net.qtaguid_enabled]: [1]
[net.tcp.default_init_rwnd]: [60]
[nfc.app_log_level]: [1]
[nfc.enable_protocol_log]: [0]
[nfc.nxp_log_level_dnld]: [1]
[nfc.nxp_log_level_extns]: [1]
[nfc.nxp_log_level_global]: [1]
[nfc.nxp_log_level_hal]: [1]
[nfc.nxp_log_level_nci]: [1]
[nfc.nxp_log_level_tml]: [1]
[persist.sys.dalvik.vm.lib.2]: [libart.so]
[persist.sys.usb.config]: [adb]
[pm.dexopt.ab-ota]: [speed-profile]
[pm.dexopt.bg-dexopt]: [speed-profile]
[pm.dexopt.boot]: [verify-profile]
[pm.dexopt.core-app]: [speed]
[pm.dexopt.first-boot]: [interpret-only]
[pm.dexopt.forced-dexopt]: [speed]
[pm.dexopt.install]: [interpret-only]
[pm.dexopt.nsys-library]: [speed]
[pm.dexopt.shared-apk]: [speed]
[ro.allow.mock.location]: [1]
[ro.baseband]: [unknown]
[ro.board.mmc.life_time_a]: [5]
[ro.board.mmc.life_time_b]: [2]
[ro.board.mmc.pre_eol]: [1]
[ro.board.platform]: [imx7]
[ro.board.revision]: [2]
[ro.boot.bootreason]: [cold,powerkey]
[ro.boot.boottime]: [1BLL:0,1BLE:2216,KL:0,KD:0,AVB:0,ODT:0,SW:0]
[ro.boot.btmacaddr]: [00:00:03:d6:ed:17]
[ro.boot.console]: [ttymxc0]
[ro.boot.consoleenable]: []
[ro.boot.dtbo_idx]: [0]
[ro.boot.hardware]: [silver_ce]
[ro.boot.kernel.version]: [2.2.0]
[ro.boot.keystore]: [software]
[ro.boot.post]: [0]
[ro.boot.powerup.reason]: [kernel_reboot]
[ro.boot.powerup.ts]: [2020-05-25_23-39-42]
[ro.boot.ramdisk.version]: [2.0.0]
[ro.boot.serialno]: [000003d6ed17afea]
[ro.boot.slot_suffix]: [_a]
[ro.boot.soc_type]: [imx7d]
[ro.boot.storage_type]: [emmc]
[ro.boot.uboot_version]: [3.1.1]
[ro.bootimage.build.date]: [Mon Nov 1 15:27:31 UTC 2021]
[ro.bootimage.build.date.utc]: [1635780451]
[ro.bootimage.build.fingerprint]: [Headless/silver_ce_7d/silver_ce_7d:7.1.2/3.3.1/9:eng/release-keys]
[ro.bootloader]: [unknown]
[ro.bootloader.version]: [3.1.1]
[ro.bootmode]: [unknown]
[ro.bsp.version]: [10.6.2]
[ro.build.ab_update]: [true]
[ro.build.characteristics]: [tablet]
[ro.build.date]: [Mon Nov  1 15:27:31 UTC 2021]
[ro.build.date.utc]: [1635780451]
[ro.build.description]: [silver_ce_7d-eng 7.1.2 3.3.1 9 release-keys]
[ro.build.display.id]: [silver_ce_7d-eng 7.1.2 3.3.1 9 release-keys]
[ro.build.fingerprint]: [Headless/silver_ce_7d/silver_ce_7d:7.1.2/3.3.1/9:eng/release-keys]
[ro.build.flavor]: [silver_ce_7d-eng]
[ro.build.host]: [8d0502333166]
[ro.build.id]: [3.3.1]
[ro.build.ota.system]: [1635874337]
[ro.build.ota.vendor]: [1635874337]
[ro.build.product]: [silver_ce_7d]
[ro.build.tags]: [release-keys]
[ro.build.type]: [eng]
[ro.build.user]: [jenkins]
[ro.build.version.all_codenames]: [REL]
[ro.build.version.base_os]: []
[ro.build.version.codename]: [REL]
[ro.build.version.incremental]: [9]
[ro.build.version.preview_sdk]: [0]
[ro.build.version.release]: [7.1.2]
[ro.build.version.sdk]: [25]
[ro.build.version.security_patch]: [2017-05-05]
[ro.carrier]: [unknown]
[ro.ce3x.enhancement]: [1]
[ro.com.android.dataroaming]: [false]
[ro.config.low_ram]: [true]
[ro.crypto.state]: [unsupported]
[ro.dalvik.vm.native.bridge]: [0]
[ro.debuggable]: [1]
[ro.expect.recovery_id]: [0xc47701c188fcb373241224c64a7c3dadc2c7d190000000000000000000000000]
[ro.hardware]: [silver_ce]
[ro.hardware.nfc_nci]: [pn54x]
[ro.internel.storage_size]: [/sys/block/mmcblk0/size]
[ro.kernel.android.checkjni]: [1]
[ro.logd.filter]: [disable]
[ro.logd.size]: [1M]
[ro.nfc.port]: [I2C]
[ro.product.board]: [silver-ce]
[ro.product.brand]: [Headless]
[ro.product.build]: [SILVER_CE]
[ro.product.cpu.abi]: [armeabi-v7a]
[ro.product.cpu.abi2]: [armeabi]
[ro.product.cpu.abilist]: [armeabi-v7a,armeabi]
[ro.product.cpu.abilist32]: [armeabi-v7a,armeabi]
[ro.product.cpu.abilist64]: []
[ro.product.device]: [silver_ce_7d]
[ro.product.locale]: [en-US]
[ro.product.manufacturer]: [ICU]
[ro.product.model]: [SILVER_CE]
[ro.product.name]: [silver_ce_7d]
[ro.recovery.version]: []
[ro.recovery_id]: [0x12d607908a58636c2dd09568343faa3205d26993000000000000000000000000]
[ro.revision]: [0]
[ro.runtime.firstboot]: [1590450011136]
[ro.secure]: [0]
[ro.serialno]: [000003d6ed17afea]
[ro.sf.lcd_density]: [120]
[ro.soc]: [i.MX7D]
[ro.sys.sl0.rtable]: [1]
[ro.sys.usb0.rtable]: [2]
[ro.system.version]: [3.3.1]
[ro.telephony.default_cdma_sub]: [0]
[ro.tether.denied]: [true]
[ro.vendor.build.date]: [Mon Nov 1 15:27:31 UTC 2021]
[ro.vendor.build.date.utc]: [1635780451]
[ro.vendor.build.fingerprint]: [Headless/silver_ce_7d/silver_ce_7d:7.1.2/3.3.1/9:eng/release-keys]
[ro.vendor.disable_battery]: [1]
[ro.vendor.disable_media]: [1]
[...]
</kw>
<kw name="Should Be Equal As Integers" library="BuiltIn">
<arg>${result.rc}</arg>
<arg>0</arg>
<arg>msg=${result.stderr}</arg>
<doc>Fails if objects are unequal after converting them to integers.</doc>
<msg timestamp="20220508 08:10:06.044" level="INFO">Argument types are:
&lt;class 'int'&gt;
&lt;type 'unicode'&gt;</msg>
<status status="PASS" starttime="20220508 08:10:06.043" endtime="20220508 08:10:06.044"/>
</kw>
<status status="PASS" starttime="20220508 08:10:06.039" endtime="20220508 08:10:06.044"/>
</kw>
<kw name="Execute Linux Command" library="common">
<arg>echo "DEBUG-8"</arg>
<kw name="Run Process" library="Process">
<var>${result}</var>
<arg>${command}</arg>
<arg>shell=true</arg>
<arg>cwd=${work_dir}</arg>
<arg>stdout=${ROBOT_LOG}</arg>
<arg>stderr=STDOUT</arg>
<doc>Runs a process and waits for it to complete.</doc>
<msg timestamp="20220508 08:10:06.045" level="INFO">Starting process:
echo "DEBUG-8"</msg>
<msg timestamp="20220508 08:10:06.047" level="INFO">Waiting for process to complete.</msg>
<msg timestamp="20220508 08:10:06.047" level="INFO">Process completed.</msg>
<msg timestamp="20220508 08:10:06.047" level="INFO">${result} = &lt;result object with rc 0&gt;</msg>
<status status="PASS" starttime="20220508 08:10:06.045" endtime="20220508 08:10:06.047"/>
</kw>
<kw name="Log To Console" library="BuiltIn">
<arg>${result.stdout}</arg>
<doc>Logs the given message to the console.</doc>
<status status="PASS" starttime="20220508 08:10:06.047" endtime="20220508 08:10:06.048"/>
</kw>
<kw name="Should Be Equal As Integers" library="BuiltIn">
<arg>${result.rc}</arg>
<arg>0</arg>
<arg>msg=${result.stderr}</arg>
<doc>Fails if objects are unequal after converting them to integers.</doc>
<msg timestamp="20220508 08:10:06.049" level="INFO">Argument types are:
&lt;class 'int'&gt;
&lt;type 'unicode'&gt;</msg>
<status status="PASS" starttime="20220508 08:10:06.048" endtime="20220508 08:10:06.049"/>
</kw>
<status status="PASS" starttime="20220508 08:10:06.044" endtime="20220508 08:10:06.049"/>
</kw>
<kw name="Execute Linux Command" library="common">
<arg>ls -al</arg>
<arg>${TMP_DIR}/apk</arg>
<kw name="Run Process" library="Process">
<var>${result}</var>
<arg>${command}</arg>
<arg>shell=true</arg>
<arg>cwd=${work_dir}</arg>
<arg>stdout=${ROBOT_LOG}</arg>
<arg>stderr=STDOUT</arg>
<doc>Runs a process and waits for it to complete.</doc>
<msg timestamp="20220508 08:10:06.050" level="INFO">Starting process:
ls -al</msg>
<msg timestamp="20220508 08:10:06.052" level="INFO">Waiting for process to complete.</msg>
<msg timestamp="20220508 08:10:06.053" level="INFO">Process completed.</msg>
<msg timestamp="20220508 08:10:06.053" level="INFO">${result} = &lt;result object with rc 0&gt;</msg>
<status status="PASS" starttime="20220508 08:10:06.050" endtime="20220508 08:10:06.053"/>
</kw>
<kw name="Log To Console" library="BuiltIn">
<arg>${result.stdout}</arg>
<doc>Logs the given message to the console.</doc>
<status status="PASS" starttime="20220508 08:10:06.053" endtime="20220508 08:10:06.054"/>
</kw>
<kw name="Should Be Equal As Integers" library="BuiltIn">
<arg>${result.rc}</arg>
<arg>0</arg>
<arg>msg=${result.stderr}</arg>
<doc>Fails if objects are unequal after converting them to integers.</doc>
<msg timestamp="20220508 08:10:06.055" level="INFO">Argument types are:
&lt;class 'int'&gt;
&lt;type 'unicode'&gt;</msg>
<status status="PASS" starttime="20220508 08:10:06.054" endtime="20220508 08:10:06.055"/>
</kw>
<status status="PASS" starttime="20220508 08:10:06.050" endtime="20220508 08:10:06.056"/>
</kw>
<kw name="Execute Linux Command" library="common">
<arg>${TMP_DIR}/archive/generate_ota.sh -h</arg>
<kw name="Run Process" library="Process">
<var>${result}</var>
<arg>${command}</arg>
<arg>shell=true</arg>
<arg>cwd=${work_dir}</arg>
<arg>stdout=${ROBOT_LOG}</arg>
<arg>stderr=STDOUT</arg>
<doc>Runs a process and waits for it to complete.</doc>
<msg timestamp="20220508 08:10:06.056" level="INFO">Starting process:
/home/jenkins/testAutomation/robotFramework/tmp_robot/archive/generate_ota.sh -h</msg>
<msg timestamp="20220508 08:10:06.058" level="INFO">Waiting for process to complete.</msg>
<msg timestamp="20220508 08:10:06.061" level="INFO">Process completed.</msg>
<msg timestamp="20220508 08:10:06.061" level="INFO">${result} = &lt;result object with rc 0&gt;</msg>
<status status="PASS" starttime="20220508 08:10:06.056" endtime="20220508 08:10:06.061"/>
</kw>
<kw name="Log To Console" library="BuiltIn">
<arg>${result.stdout}</arg>
<doc>Logs the given message to the console.</doc>
<status status="PASS" starttime="20220508 08:10:06.061" endtime="20220508 08:10:06.062"/>
</kw>
<kw name="Should Be Equal As Integers" library="BuiltIn">
<arg>${result.rc}</arg>
<arg>0</arg>
<arg>msg=${result.stderr}</arg>
<doc>Fails if objects are unequal after converting them to integers.</doc>
<msg timestamp="20220508 08:10:06.063" level="INFO">Argument types are:
&lt;class 'int'&gt;
&lt;type 'unicode'&gt;</msg>
<status status="PASS" starttime="20220508 08:10:06.062" endtime="20220508 08:10:06.063"/>
</kw>
<status status="PASS" starttime="20220508 08:10:06.056" endtime="20220508 08:10:06.064"/>
</kw>
<kw name="Execute Linux Command" library="common">
<arg>echo "DEBUG-9"</arg>
<kw name="Run Process" library="Process">
<var>${result}</var>
<arg>${command}</arg>
<arg>shell=true</arg>
<arg>cwd=${work_dir}</arg>
<arg>stdout=${ROBOT_LOG}</arg>
<arg>stderr=STDOUT</arg>
<doc>Runs a process and waits for it to complete.</doc>
<msg timestamp="20220508 08:10:06.064" level="INFO">Starting process:
echo "DEBUG-9"</msg>
<msg timestamp="20220508 08:10:06.066" level="INFO">Waiting for process to complete.</msg>
<msg timestamp="20220508 08:10:06.066" level="INFO">Process completed.</msg>
<msg timestamp="20220508 08:10:06.066" level="INFO">${result} = &lt;result object with rc 0&gt;</msg>
<status status="PASS" starttime="20220508 08:10:06.064" endtime="20220508 08:10:06.066"/>
</kw>
<kw name="Log To Console" library="BuiltIn">
<arg>${result.stdout}</arg>
<doc>Logs the given message to the console.</doc>
<status status="PASS" starttime="20220508 08:10:06.067" endtime="20220508 08:10:06.067"/>
</kw>
<kw name="Should Be Equal As Integers" library="BuiltIn">
<arg>${result.rc}</arg>
<arg>0</arg>
<arg>msg=${result.stderr}</arg>
<doc>Fails if objects are unequal after converting them to integers.</doc>
<msg timestamp="20220508 08:10:06.068" level="INFO">Argument types are:
&lt;class 'int'&gt;
&lt;type 'unicode'&gt;</msg>
<status status="PASS" starttime="20220508 08:10:06.067" endtime="20220508 08:10:06.068"/>
</kw>
<status status="PASS" starttime="20220508 08:10:06.064" endtime="20220508 08:10:06.069"/>
</kw>
<kw name="Execute Linux Command" library="common">
<arg>${TMP_DIR}/archive/generate_ota.sh --type ${time_string}</arg>
<arg>${TMP_DIR}/archive</arg>
<kw name="Run Process" library="Process">
<var>${result}</var>
<arg>${command}</arg>
<arg>shell=true</arg>
<arg>cwd=${work_dir}</arg>
<arg>stdout=${ROBOT_LOG}</arg>
<arg>stderr=STDOUT</arg>
<doc>Runs a process and waits for it to complete.</doc>
<msg timestamp="20220508 08:10:06.070" level="INFO">Starting process:
/home/jenkins/testAutomation/robotFramework/tmp_robot/archive/generate_ota.sh --type 1652015406</msg>
<msg timestamp="20220508 08:10:06.071" level="INFO">Waiting for process to complete.</msg>
<status status="FAIL" starttime="20220508 08:10:06.069" endtime="20220508 08:10:51.728"/>
</kw>
<kw name="Log To Console" library="BuiltIn">
<arg>${result.stdout}</arg>
<doc>Logs the given message to the console.</doc>
<status status="NOT RUN" starttime="20220508 08:10:51.728" endtime="20220508 08:10:51.728"/>
</kw>
<kw name="Should Be Equal As Integers" library="BuiltIn">
<arg>${result.rc}</arg>
<arg>0</arg>
<arg>msg=${result.stderr}</arg>
<doc>Fails if objects are unequal after converting them to integers.</doc>
<status status="NOT RUN" starttime="20220508 08:10:51.728" endtime="20220508 08:10:51.729"/>
</kw>
<status status="FAIL" starttime="20220508 08:10:06.069" endtime="20220508 08:10:51.729"/>
</kw>
<kw name="Execute Linux Command" library="common">
<arg>echo "DEBUG-10"</arg>
<status status="NOT RUN" starttime="20220508 08:10:51.729" endtime="20220508 08:10:51.729"/>
</kw>
<kw name="Run Adb Shell Command" library="common">
<arg>update_ab -c</arg>
<status status="NOT RUN" starttime="20220508 08:10:51.729" endtime="20220508 08:10:51.730"/>
</kw>
<kw name="Run Adb Shell Command" library="common">
<arg>update_ab -r</arg>
<status status="NOT RUN" starttime="20220508 08:10:51.730" endtime="20220508 08:10:51.730"/>
</kw>
<kw name="Print BSP Properties" library="common">
<status status="NOT RUN" starttime="20220508 08:10:51.730" endtime="20220508 08:10:51.730"/>
</kw>
<kw name="Push File Over Adb" library="common">
<arg>${TMP_DIR}/archive/myota-${time_string}-imx7d-p2.zip</arg>
<arg>${OTA_LOC}</arg>
<status status="NOT RUN" starttime="20220508 08:10:51.730" endtime="20220508 08:10:51.730"/>
</kw>
<kw name="Run Adb Shell Command" library="common">
<arg>update_ab -l ${OTA_LOC}/myota-${time_string}-imx7d-p2.zip -f 1</arg>
<status status="NOT RUN" starttime="20220508 08:10:51.730" endtime="20220508 08:10:51.731"/>
</kw>
<kw name="Execute Linux Command" library="common">
<arg>adb reboot</arg>
<status status="NOT RUN" starttime="20220508 08:10:51.731" endtime="20220508 08:10:51.731"/>
</kw>
<kw name="Wait For Adb Device" library="common">
<status status="NOT RUN" starttime="20220508 08:10:51.731" endtime="20220508 08:10:51.731"/>
</kw>
<kw name="Sleep" library="BuiltIn">
<arg>120s</arg>
<arg>Waiting for device to boot up</arg>
<doc>Pauses the test executed for the given time.</doc>
<status status="NOT RUN" starttime="20220508 08:10:51.731" endtime="20220508 08:10:51.731"/>
</kw>
<kw name="Execute Linux Command" library="common">
<arg>rm -rf ${TMP_DIR}/archive/myota-${time_string}-imx7d-p2.zip</arg>
<status status="NOT RUN" starttime="20220508 08:10:51.731" endtime="20220508 08:10:51.731"/>
</kw>
<kw name="Run Adb Shell Command" library="common">
<arg>rm -f ${OTA_LOC}/*</arg>
<status status="NOT RUN" starttime="20220508 08:10:51.732" endtime="20220508 08:10:51.732"/>
</kw>
<kw name="Run Adb Shell Command" library="common">
<var>${result}</var>
<arg>update_ab -s</arg>
<status status="NOT RUN" starttime="20220508 08:10:51.732" endtime="20220508 08:10:51.732"/>
</kw>
<kw name="Should Contain" library="BuiltIn">
<arg>${result}</arg>
<arg>Last Update State: SUCCESS</arg>
<doc>Fails if ``container`` does not contain ``item`` one or more times.</doc>
<status status="NOT RUN" starttime="20220508 08:10:51.732" endtime="20220508 08:10:51.732"/>
</kw>
<kw name="Print BSP Properties" library="common">
<var>${result}</var>
<status status="NOT RUN" starttime="20220508 08:10:51.732" endtime="20220508 08:10:51.732"/>
</kw>
<kw name="Should Contain" library="BuiltIn">
<arg>${result}</arg>
<arg>${time_string}</arg>
<doc>Fails if ``container`` does not contain ``item`` one or more times.</doc>
<status status="NOT RUN" starttime="20220508 08:10:51.732" endtime="20220508 08:10:51.732"/>
</kw>
<status status="FAIL" starttime="20220508 08:10:06.014" endtime="20220508 08:10:51.732"/>
</kw>
<status status="FAIL" starttime="20220508 08:10:06.014" endtime="20220508 08:10:51.732"/>
</kw>
<kw name="Run Keyword If" library="BuiltIn">
<arg>${result} is ${FALSE}</arg>
<arg>Exit For Loop</arg>
<doc>Runs the given keyword with the given arguments, if ``condition`` is true.</doc>
<status status="NOT RUN" starttime="20220508 08:10:51.733" endtime="20220508 08:10:51.733"/>
</kw>
<kw name="Log To Console" library="BuiltIn">
<arg>Loop number ${index+1} successful</arg>
<doc>Logs the given message to the console.</doc>
<status status="NOT RUN" starttime="20220508 08:10:51.733" endtime="20220508 08:10:51.733"/>
</kw>
<status status="FAIL" starttime="20220508 08:10:06.013" endtime="20220508 08:10:51.733"/>
</iter>
<status status="FAIL" starttime="20220508 06:52:01.280" endtime="20220508 08:10:51.733"/>
</for>
<kw name="Should Be Equal As Integers" library="BuiltIn">
<arg>${index+1}</arg>
<arg>${count}</arg>
<doc>Fails if objects are unequal after converting them to integers.</doc>
<status status="NOT RUN" starttime="20220508 08:10:51.733" endtime="20220508 08:10:51.733"/>
</kw>
<status status="FAIL" starttime="20220508 06:52:01.279" endtime="20220508 08:10:51.733"/>
</kw>
<tag>stress</tag>
<tag>testing</tag>
<status status="FAIL" starttime="20220508 06:52:01.278" endtime="20220508 08:10:51.734">Execution terminated by signal</status>
</test>
<kw name="Clean Up" library="common" type="TEARDOWN">
<kw name="Execute Linux Command" library="common">
<arg>rm -rf ${TMP_DIR}</arg>
<kw name="Run Process" library="Process">
<var>${result}</var>
<arg>${command}</arg>
<arg>shell=true</arg>
<arg>cwd=${work_dir}</arg>
<arg>stdout=${ROBOT_LOG}</arg>
<arg>stderr=STDOUT</arg>
<doc>Runs a process and waits for it to complete.</doc>
<msg timestamp="20220508 08:10:51.736" level="INFO">Starting process:
rm -rf /home/jenkins/testAutomation/robotFramework/tmp_robot</msg>
<msg timestamp="20220508 08:10:51.756" level="INFO">Waiting for process to complete.</msg>
<msg timestamp="20220508 08:10:52.513" level="INFO">Process completed.</msg>
<msg timestamp="20220508 08:10:52.514" level="INFO">${result} = &lt;result object with rc 0&gt;</msg>
<status status="PASS" starttime="20220508 08:10:51.736" endtime="20220508 08:10:52.514"/>
</kw>
<kw name="Log To Console" library="BuiltIn">
<arg>${result.stdout}</arg>
<doc>Logs the given message to the console.</doc>
<status status="PASS" starttime="20220508 08:10:52.514" endtime="20220508 08:10:52.515"/>
</kw>
<kw name="Should Be Equal As Integers" library="BuiltIn">
<arg>${result.rc}</arg>
<arg>0</arg>
<arg>msg=${result.stderr}</arg>
<doc>Fails if objects are unequal after converting them to integers.</doc>
<msg timestamp="20220508 08:10:52.517" level="INFO">Argument types are:
&lt;class 'int'&gt;
&lt;type 'unicode'&gt;</msg>
<status status="PASS" starttime="20220508 08:10:52.515" endtime="20220508 08:10:52.517"/>
</kw>
<status status="PASS" starttime="20220508 08:10:51.735" endtime="20220508 08:10:52.518"/>
</kw>
<kw name="Run Adb Shell Command" library="common">
<arg>rm -f ${OTA_LOC}/*</arg>
<kw name="Execute Linux Command" library="common">
<var>${result}</var>
<arg>adb shell ${command}</arg>
<kw name="Run Process" library="Process">
<var>${result}</var>
<arg>${command}</arg>
<arg>shell=true</arg>
<arg>cwd=${work_dir}</arg>
<arg>stdout=${ROBOT_LOG}</arg>
<arg>stderr=STDOUT</arg>
<doc>Runs a process and waits for it to complete.</doc>
<msg timestamp="20220508 08:10:52.519" level="INFO">Starting process:
adb shell rm -f /update/ota/*</msg>
<msg timestamp="20220508 08:10:52.550" level="INFO">Waiting for process to complete.</msg>
<msg timestamp="20220508 08:10:52.641" level="INFO">Process completed.</msg>
<msg timestamp="20220508 08:10:52.642" level="INFO">${result} = &lt;result object with rc 0&gt;</msg>
<status status="PASS" starttime="20220508 08:10:52.518" endtime="20220508 08:10:52.642"/>
</kw>
<kw name="Log To Console" library="BuiltIn">
<arg>${result.stdout}</arg>
<doc>Logs the given message to the console.</doc>
<status status="PASS" starttime="20220508 08:10:52.642" endtime="20220508 08:10:52.644"/>
</kw>
<kw name="Should Be Equal As Integers" library="BuiltIn">
<arg>${result.rc}</arg>
<arg>0</arg>
<arg>msg=${result.stderr}</arg>
<doc>Fails if objects are unequal after converting them to integers.</doc>
<msg timestamp="20220508 08:10:52.646" level="INFO">Argument types are:
&lt;class 'int'&gt;
&lt;type 'unicode'&gt;</msg>
<status status="PASS" starttime="20220508 08:10:52.644" endtime="20220508 08:10:52.646"/>
</kw>
<msg timestamp="20220508 08:10:52.647" level="INFO">${result} = ...</msg>
<status status="PASS" starttime="20220508 08:10:52.518" endtime="20220508 08:10:52.647"/>
</kw>
<kw name="Execute Linux Command" library="common">
<var>${result2}</var>
<arg>echo $?</arg>
<kw name="Run Process" library="Process">
<var>${result}</var>
<arg>${command}</arg>
<arg>shell=true</arg>
<arg>cwd=${work_dir}</arg>
<arg>stdout=${ROBOT_LOG}</arg>
<arg>stderr=STDOUT</arg>
<doc>Runs a process and waits for it to complete.</doc>
<msg timestamp="20220508 08:10:52.649" level="INFO">Starting process:
echo $?</msg>
<msg timestamp="20220508 08:10:52.690" level="INFO">Waiting for process to complete.</msg>
<msg timestamp="20220508 08:10:52.691" level="INFO">Process completed.</msg>
<msg timestamp="20220508 08:10:52.691" level="INFO">${result} = &lt;result object with rc 0&gt;</msg>
<status status="PASS" starttime="20220508 08:10:52.648" endtime="20220508 08:10:52.691"/>
</kw>
<kw name="Log To Console" library="BuiltIn">
<arg>${result.stdout}</arg>
<doc>Logs the given message to the console.</doc>
<status status="PASS" starttime="20220508 08:10:52.692" endtime="20220508 08:10:52.693"/>
</kw>
<kw name="Should Be Equal As Integers" library="BuiltIn">
<arg>${result.rc}</arg>
<arg>0</arg>
<arg>msg=${result.stderr}</arg>
<doc>Fails if objects are unequal after converting them to integers.</doc>
<msg timestamp="20220508 08:10:52.694" level="INFO">Argument types are:
&lt;class 'int'&gt;
&lt;type 'unicode'&gt;</msg>
<status status="PASS" starttime="20220508 08:10:52.693" endtime="20220508 08:10:52.694"/>
</kw>
<msg timestamp="20220508 08:10:52.695" level="INFO">${result2} = 0</msg>
<status status="PASS" starttime="20220508 08:10:52.648" endtime="20220508 08:10:52.695"/>
</kw>
<kw name="Should Be Equal As Integers" library="BuiltIn">
<arg>${result2}</arg>
<arg>0</arg>
<arg>msg=${result}</arg>
<doc>Fails if objects are unequal after converting them to integers.</doc>
<status status="PASS" starttime="20220508 08:10:52.695" endtime="20220508 08:10:52.696"/>
</kw>
<status status="PASS" starttime="20220508 08:10:52.518" endtime="20220508 08:10:52.696"/>
</kw>
<kw name="Execute Linux Command" library="common">
<arg>adb kill-server</arg>
<kw name="Run Process" library="Process">
<var>${result}</var>
<arg>${command}</arg>
<arg>shell=true</arg>
<arg>cwd=${work_dir}</arg>
<arg>stdout=${ROBOT_LOG}</arg>
<arg>stderr=STDOUT</arg>
<doc>Runs a process and waits for it to complete.</doc>
<msg timestamp="20220508 08:10:52.697" level="INFO">Starting process:
adb kill-server</msg>
<msg timestamp="20220508 08:10:52.731" level="INFO">Waiting for process to complete.</msg>
<msg timestamp="20220508 08:10:52.748" level="INFO">Process completed.</msg>
<msg timestamp="20220508 08:10:52.748" level="INFO">${result} = &lt;result object with rc 0&gt;</msg>
<status status="PASS" starttime="20220508 08:10:52.696" endtime="20220508 08:10:52.748"/>
</kw>
<kw name="Log To Console" library="BuiltIn">
<arg>${result.stdout}</arg>
<doc>Logs the given message to the console.</doc>
<status status="PASS" starttime="20220508 08:10:52.748" endtime="20220508 08:10:52.749"/>
</kw>
<kw name="Should Be Equal As Integers" library="BuiltIn">
<arg>${result.rc}</arg>
<arg>0</arg>
<arg>msg=${result.stderr}</arg>
<doc>Fails if objects are unequal after converting them to integers.</doc>
<msg timestamp="20220508 08:10:52.751" level="INFO">Argument types are:
&lt;class 'int'&gt;
&lt;type 'unicode'&gt;</msg>
<status status="PASS" starttime="20220508 08:10:52.749" endtime="20220508 08:10:52.751"/>
</kw>
<status status="PASS" starttime="20220508 08:10:52.696" endtime="20220508 08:10:52.751"/>
</kw>
<status status="PASS" starttime="20220508 08:10:51.735" endtime="20220508 08:10:52.752"/>
</kw>
<status status="FAIL" starttime="20220508 06:41:12.022" endtime="20220508 08:10:52.752"/>
</suite>
<statistics>
<total>
<stat pass="1" fail="1" skip="0">All Tests</stat>
</total>
<tag>
<stat pass="1" fail="0" skip="0">smoke</stat>
<stat pass="0" fail="1" skip="0">stress</stat>
<stat pass="0" fail="1" skip="0">testing</stat>
</tag>
<suite>
<stat pass="1" fail="1" skip="0" id="s1" name="softwareUpdate">softwareUpdate</stat>
</suite>
</statistics>
<errors>
</errors>
</robot>
